{"/Users/vishnumishra/Documents/projects/poc/youtube-transcript/src/cli-implementation.ts": {"path":"/Users/vishnumishra/Documents/projects/poc/youtube-transcript/src/cli-implementation.ts","statementMap":{"0":{"start":{"line":5,"column":0},"end":{"line":5,"column":null}},"1":{"start":{"line":14,"column":0},"end":{"line":14,"column":25}},"2":{"start":{"line":17,"column":13},"end":{"line":17,"column":34}},"3":{"start":{"line":18,"column":27},"end":{"line":18,"column":29}},"4":{"start":{"line":19,"column":26},"end":{"line":19,"column":32}},"5":{"start":{"line":20,"column":13},"end":{"line":20,"column":19}},"6":{"start":{"line":21,"column":32},"end":{"line":21,"column":36}},"7":{"start":{"line":22,"column":33},"end":{"line":22,"column":37}},"8":{"start":{"line":23,"column":22},"end":{"line":23,"column":27}},"9":{"start":{"line":24,"column":23},"end":{"line":24,"column":28}},"10":{"start":{"line":25,"column":29},"end":{"line":25,"column":34}},"11":{"start":{"line":26,"column":25},"end":{"line":26,"column":30}},"12":{"start":{"line":27,"column":32},"end":{"line":27,"column":36}},"13":{"start":{"line":28,"column":31},"end":{"line":28,"column":35}},"14":{"start":{"line":29,"column":32},"end":{"line":29,"column":36}},"15":{"start":{"line":30,"column":38},"end":{"line":30,"column":42}},"16":{"start":{"line":31,"column":38},"end":{"line":31,"column":42}},"17":{"start":{"line":34,"column":0},"end":{"line":69,"column":null}},"18":{"start":{"line":34,"column":13},"end":{"line":34,"column":14}},"19":{"start":{"line":35,"column":14},"end":{"line":35,"column":21}},"20":{"start":{"line":37,"column":2},"end":{"line":68,"column":null}},"21":{"start":{"line":38,"column":4},"end":{"line":38,"column":37}},"22":{"start":{"line":39,"column":9},"end":{"line":68,"column":null}},"23":{"start":{"line":40,"column":4},"end":{"line":40,"column":23}},"24":{"start":{"line":41,"column":9},"end":{"line":68,"column":null}},"25":{"start":{"line":42,"column":4},"end":{"line":42,"column":27}},"26":{"start":{"line":43,"column":9},"end":{"line":68,"column":null}},"27":{"start":{"line":44,"column":4},"end":{"line":44,"column":28}},"28":{"start":{"line":45,"column":9},"end":{"line":68,"column":null}},"29":{"start":{"line":46,"column":4},"end":{"line":46,"column":27}},"30":{"start":{"line":47,"column":9},"end":{"line":68,"column":null}},"31":{"start":{"line":48,"column":4},"end":{"line":48,"column":28}},"32":{"start":{"line":49,"column":9},"end":{"line":68,"column":null}},"33":{"start":{"line":50,"column":4},"end":{"line":50,"column":34}},"34":{"start":{"line":51,"column":9},"end":{"line":68,"column":null}},"35":{"start":{"line":52,"column":4},"end":{"line":52,"column":30}},"36":{"start":{"line":53,"column":9},"end":{"line":68,"column":null}},"37":{"start":{"line":54,"column":4},"end":{"line":54,"column":27}},"38":{"start":{"line":55,"column":9},"end":{"line":68,"column":null}},"39":{"start":{"line":56,"column":4},"end":{"line":56,"column":26}},"40":{"start":{"line":57,"column":9},"end":{"line":68,"column":null}},"41":{"start":{"line":58,"column":4},"end":{"line":58,"column":27}},"42":{"start":{"line":59,"column":9},"end":{"line":68,"column":null}},"43":{"start":{"line":60,"column":4},"end":{"line":60,"column":33}},"44":{"start":{"line":61,"column":9},"end":{"line":68,"column":null}},"45":{"start":{"line":62,"column":4},"end":{"line":62,"column":33}},"46":{"start":{"line":63,"column":9},"end":{"line":68,"column":null}},"47":{"start":{"line":64,"column":4},"end":{"line":64,"column":16}},"48":{"start":{"line":65,"column":4},"end":{"line":65,"column":20}},"49":{"start":{"line":66,"column":9},"end":{"line":68,"column":null}},"50":{"start":{"line":67,"column":4},"end":{"line":67,"column":23}},"51":{"start":{"line":72,"column":18},"end":{"line":72,"column":22}},"52":{"start":{"line":73,"column":0},"end":{"line":77,"column":null}},"53":{"start":{"line":74,"column":2},"end":{"line":74,"column":76}},"54":{"start":{"line":75,"column":7},"end":{"line":77,"column":null}},"55":{"start":{"line":76,"column":2},"end":{"line":76,"column":88}},"56":{"start":{"line":80,"column":21},"end":{"line":80,"column":93}},"57":{"start":{"line":84,"column":0},"end":{"line":95,"column":null}},"58":{"start":{"line":86,"column":4},"end":{"line":86,"column":36}},"59":{"start":{"line":87,"column":4},"end":{"line":87,"column":10}},"60":{"start":{"line":89,"column":4},"end":{"line":89,"column":35}},"61":{"start":{"line":90,"column":4},"end":{"line":90,"column":10}},"62":{"start":{"line":93,"column":4},"end":{"line":93,"column":36}},"63":{"start":{"line":94,"column":4},"end":{"line":94,"column":10}},"64":{"start":{"line":99,"column":2},"end":{"line":118,"column":null}},"65":{"start":{"line":100,"column":4},"end":{"line":114,"column":null}},"66":{"start":{"line":101,"column":6},"end":{"line":104,"column":null}},"67":{"start":{"line":102,"column":8},"end":{"line":102,"column":78}},"68":{"start":{"line":103,"column":8},"end":{"line":103,"column":24}},"69":{"start":{"line":106,"column":6},"end":{"line":106,"column":50}},"70":{"start":{"line":108,"column":6},"end":{"line":111,"column":null}},"71":{"start":{"line":109,"column":8},"end":{"line":109,"column":69}},"72":{"start":{"line":110,"column":8},"end":{"line":110,"column":24}},"73":{"start":{"line":113,"column":6},"end":{"line":113,"column":39}},"74":{"start":{"line":116,"column":4},"end":{"line":116,"column":45}},"75":{"start":{"line":117,"column":4},"end":{"line":117,"column":20}},"76":{"start":{"line":123,"column":25},"end":{"line":123,"column":57}},"77":{"start":{"line":125,"column":2},"end":{"line":125,"column":61}},"78":{"start":{"line":126,"column":2},"end":{"line":126,"column":63}},"79":{"start":{"line":128,"column":2},"end":{"line":141,"column":null}},"80":{"start":{"line":129,"column":4},"end":{"line":129,"column":81}},"81":{"start":{"line":130,"column":4},"end":{"line":130,"column":76}},"82":{"start":{"line":131,"column":4},"end":{"line":131,"column":77}},"83":{"start":{"line":133,"column":4},"end":{"line":138,"column":null}},"84":{"start":{"line":134,"column":6},"end":{"line":134,"column":45}},"85":{"start":{"line":135,"column":6},"end":{"line":137,"column":null}},"86":{"start":{"line":136,"column":8},"end":{"line":136,"column":71}},"87":{"start":{"line":140,"column":4},"end":{"line":140,"column":65}},"88":{"start":{"line":146,"column":18},"end":{"line":146,"column":20}},"89":{"start":{"line":148,"column":2},"end":{"line":175,"column":null}},"90":{"start":{"line":149,"column":4},"end":{"line":174,"column":null}},"91":{"start":{"line":153,"column":29},"end":{"line":153,"column":61}},"92":{"start":{"line":156,"column":6},"end":{"line":162,"column":null}},"93":{"start":{"line":157,"column":8},"end":{"line":157,"column":77}},"94":{"start":{"line":158,"column":13},"end":{"line":162,"column":null}},"95":{"start":{"line":159,"column":8},"end":{"line":159,"column":71}},"96":{"start":{"line":161,"column":8},"end":{"line":161,"column":62}},"97":{"start":{"line":165,"column":6},"end":{"line":167,"column":null}},"98":{"start":{"line":166,"column":8},"end":{"line":166,"column":55}},"99":{"start":{"line":170,"column":32},"end":{"line":170,"column":74}},"100":{"start":{"line":171,"column":6},"end":{"line":171,"column":38}},"101":{"start":{"line":173,"column":6},"end":{"line":173,"column":88}},"102":{"start":{"line":177,"column":2},"end":{"line":180,"column":null}},"103":{"start":{"line":178,"column":4},"end":{"line":178,"column":62}},"104":{"start":{"line":179,"column":4},"end":{"line":179,"column":20}},"105":{"start":{"line":183,"column":26},"end":{"line":185,"column":57}},"106":{"start":{"line":188,"column":2},"end":{"line":193,"column":null}},"107":{"start":{"line":189,"column":4},"end":{"line":189,"column":50}},"108":{"start":{"line":190,"column":4},"end":{"line":190,"column":56}},"109":{"start":{"line":192,"column":4},"end":{"line":192,"column":33}},"110":{"start":{"line":198,"column":2},"end":{"line":227,"column":5}},"111":{"start":{"line":231,"column":0},"end":{"line":231,"column":7}}},"fnMap":{"0":{"name":"main","decl":{"start":{"line":98,"column":15},"end":{"line":98,"column":19}},"loc":{"start":{"line":98,"column":19},"end":{"line":119,"column":null}}},"1":{"name":"listAvailableTranscripts","decl":{"start":{"line":122,"column":15},"end":{"line":122,"column":39}},"loc":{"start":{"line":122,"column":55},"end":{"line":142,"column":null}}},"2":{"name":"fetchTranscripts","decl":{"start":{"line":145,"column":15},"end":{"line":145,"column":31}},"loc":{"start":{"line":145,"column":50},"end":{"line":194,"column":null}}},"3":{"name":"printHelp","decl":{"start":{"line":197,"column":9},"end":{"line":197,"column":18}},"loc":{"start":{"line":197,"column":18},"end":{"line":228,"column":1}}}},"branchMap":{"0":{"loc":{"start":{"line":37,"column":2},"end":{"line":68,"column":null}},"type":"if","locations":[{"start":{"line":37,"column":2},"end":{"line":68,"column":null}},{"start":{"line":39,"column":9},"end":{"line":68,"column":null}}]},"1":{"loc":{"start":{"line":37,"column":6},"end":{"line":37,"column":43}},"type":"binary-expr","locations":[{"start":{"line":37,"column":6},"end":{"line":37,"column":27}},{"start":{"line":37,"column":31},"end":{"line":37,"column":43}}]},"2":{"loc":{"start":{"line":39,"column":9},"end":{"line":68,"column":null}},"type":"if","locations":[{"start":{"line":39,"column":9},"end":{"line":68,"column":null}},{"start":{"line":41,"column":9},"end":{"line":68,"column":null}}]},"3":{"loc":{"start":{"line":39,"column":13},"end":{"line":39,"column":47}},"type":"binary-expr","locations":[{"start":{"line":39,"column":13},"end":{"line":39,"column":31}},{"start":{"line":39,"column":35},"end":{"line":39,"column":47}}]},"4":{"loc":{"start":{"line":41,"column":9},"end":{"line":68,"column":null}},"type":"if","locations":[{"start":{"line":41,"column":9},"end":{"line":68,"column":null}},{"start":{"line":43,"column":9},"end":{"line":68,"column":null}}]},"5":{"loc":{"start":{"line":41,"column":13},"end":{"line":41,"column":47}},"type":"binary-expr","locations":[{"start":{"line":41,"column":13},"end":{"line":41,"column":31}},{"start":{"line":41,"column":35},"end":{"line":41,"column":47}}]},"6":{"loc":{"start":{"line":43,"column":9},"end":{"line":68,"column":null}},"type":"if","locations":[{"start":{"line":43,"column":9},"end":{"line":68,"column":null}},{"start":{"line":45,"column":9},"end":{"line":68,"column":null}}]},"7":{"loc":{"start":{"line":43,"column":13},"end":{"line":43,"column":50}},"type":"binary-expr","locations":[{"start":{"line":43,"column":13},"end":{"line":43,"column":34}},{"start":{"line":43,"column":38},"end":{"line":43,"column":50}}]},"8":{"loc":{"start":{"line":45,"column":9},"end":{"line":68,"column":null}},"type":"if","locations":[{"start":{"line":45,"column":9},"end":{"line":68,"column":null}},{"start":{"line":47,"column":9},"end":{"line":68,"column":null}}]},"9":{"loc":{"start":{"line":47,"column":9},"end":{"line":68,"column":null}},"type":"if","locations":[{"start":{"line":47,"column":9},"end":{"line":68,"column":null}},{"start":{"line":49,"column":9},"end":{"line":68,"column":null}}]},"10":{"loc":{"start":{"line":49,"column":9},"end":{"line":68,"column":null}},"type":"if","locations":[{"start":{"line":49,"column":9},"end":{"line":68,"column":null}},{"start":{"line":51,"column":9},"end":{"line":68,"column":null}}]},"11":{"loc":{"start":{"line":51,"column":9},"end":{"line":68,"column":null}},"type":"if","locations":[{"start":{"line":51,"column":9},"end":{"line":68,"column":null}},{"start":{"line":53,"column":9},"end":{"line":68,"column":null}}]},"12":{"loc":{"start":{"line":53,"column":9},"end":{"line":68,"column":null}},"type":"if","locations":[{"start":{"line":53,"column":9},"end":{"line":68,"column":null}},{"start":{"line":55,"column":9},"end":{"line":68,"column":null}}]},"13":{"loc":{"start":{"line":55,"column":9},"end":{"line":68,"column":null}},"type":"if","locations":[{"start":{"line":55,"column":9},"end":{"line":68,"column":null}},{"start":{"line":57,"column":9},"end":{"line":68,"column":null}}]},"14":{"loc":{"start":{"line":57,"column":9},"end":{"line":68,"column":null}},"type":"if","locations":[{"start":{"line":57,"column":9},"end":{"line":68,"column":null}},{"start":{"line":59,"column":9},"end":{"line":68,"column":null}}]},"15":{"loc":{"start":{"line":59,"column":9},"end":{"line":68,"column":null}},"type":"if","locations":[{"start":{"line":59,"column":9},"end":{"line":68,"column":null}},{"start":{"line":61,"column":9},"end":{"line":68,"column":null}}]},"16":{"loc":{"start":{"line":61,"column":9},"end":{"line":68,"column":null}},"type":"if","locations":[{"start":{"line":61,"column":9},"end":{"line":68,"column":null}},{"start":{"line":63,"column":9},"end":{"line":68,"column":null}}]},"17":{"loc":{"start":{"line":63,"column":9},"end":{"line":68,"column":null}},"type":"if","locations":[{"start":{"line":63,"column":9},"end":{"line":68,"column":null}},{"start":{"line":66,"column":9},"end":{"line":68,"column":null}}]},"18":{"loc":{"start":{"line":63,"column":13},"end":{"line":63,"column":45}},"type":"binary-expr","locations":[{"start":{"line":63,"column":13},"end":{"line":63,"column":29}},{"start":{"line":63,"column":33},"end":{"line":63,"column":45}}]},"19":{"loc":{"start":{"line":66,"column":9},"end":{"line":68,"column":null}},"type":"if","locations":[{"start":{"line":66,"column":9},"end":{"line":68,"column":null}}]},"20":{"loc":{"start":{"line":73,"column":0},"end":{"line":77,"column":null}},"type":"if","locations":[{"start":{"line":73,"column":0},"end":{"line":77,"column":null}},{"start":{"line":75,"column":7},"end":{"line":77,"column":null}}]},"21":{"loc":{"start":{"line":73,"column":4},"end":{"line":73,"column":40}},"type":"binary-expr","locations":[{"start":{"line":73,"column":4},"end":{"line":73,"column":20}},{"start":{"line":73,"column":24},"end":{"line":73,"column":40}}]},"22":{"loc":{"start":{"line":75,"column":7},"end":{"line":77,"column":null}},"type":"if","locations":[{"start":{"line":75,"column":7},"end":{"line":77,"column":null}}]},"23":{"loc":{"start":{"line":75,"column":11},"end":{"line":75,"column":34}},"type":"binary-expr","locations":[{"start":{"line":75,"column":11},"end":{"line":75,"column":20}},{"start":{"line":75,"column":24},"end":{"line":75,"column":34}}]},"24":{"loc":{"start":{"line":76,"column":39},"end":{"line":76,"column":61}},"type":"binary-expr","locations":[{"start":{"line":76,"column":39},"end":{"line":76,"column":48}},{"start":{"line":76,"column":52},"end":{"line":76,"column":61}}]},"25":{"loc":{"start":{"line":76,"column":63},"end":{"line":76,"column":86}},"type":"binary-expr","locations":[{"start":{"line":76,"column":63},"end":{"line":76,"column":73}},{"start":{"line":76,"column":77},"end":{"line":76,"column":86}}]},"26":{"loc":{"start":{"line":80,"column":43},"end":{"line":80,"column":66}},"type":"binary-expr","locations":[{"start":{"line":80,"column":43},"end":{"line":80,"column":53}},{"start":{"line":80,"column":57},"end":{"line":80,"column":66}}]},"27":{"loc":{"start":{"line":80,"column":68},"end":{"line":80,"column":92}},"type":"binary-expr","locations":[{"start":{"line":80,"column":68},"end":{"line":80,"column":79}},{"start":{"line":80,"column":83},"end":{"line":80,"column":92}}]},"28":{"loc":{"start":{"line":84,"column":0},"end":{"line":95,"column":null}},"type":"switch","locations":[{"start":{"line":85,"column":2},"end":{"line":87,"column":10}},{"start":{"line":88,"column":2},"end":{"line":90,"column":10}},{"start":{"line":91,"column":2},"end":{"line":91,"column":14}},{"start":{"line":92,"column":2},"end":{"line":94,"column":10}}]},"29":{"loc":{"start":{"line":100,"column":4},"end":{"line":114,"column":null}},"type":"if","locations":[{"start":{"line":100,"column":4},"end":{"line":114,"column":null}},{"start":{"line":107,"column":11},"end":{"line":114,"column":null}}]},"30":{"loc":{"start":{"line":101,"column":6},"end":{"line":104,"column":null}},"type":"if","locations":[{"start":{"line":101,"column":6},"end":{"line":104,"column":null}}]},"31":{"loc":{"start":{"line":108,"column":6},"end":{"line":111,"column":null}},"type":"if","locations":[{"start":{"line":108,"column":6},"end":{"line":111,"column":null}}]},"32":{"loc":{"start":{"line":130,"column":35},"end":{"line":130,"column":72}},"type":"cond-expr","locations":[{"start":{"line":130,"column":60},"end":{"line":130,"column":65}},{"start":{"line":130,"column":68},"end":{"line":130,"column":72}}]},"33":{"loc":{"start":{"line":131,"column":33},"end":{"line":131,"column":73}},"type":"cond-expr","locations":[{"start":{"line":131,"column":61},"end":{"line":131,"column":66}},{"start":{"line":131,"column":69},"end":{"line":131,"column":73}}]},"34":{"loc":{"start":{"line":133,"column":4},"end":{"line":138,"column":null}},"type":"if","locations":[{"start":{"line":133,"column":4},"end":{"line":138,"column":null}}]},"35":{"loc":{"start":{"line":133,"column":8},"end":{"line":133,"column":79}},"type":"binary-expr","locations":[{"start":{"line":133,"column":8},"end":{"line":133,"column":33}},{"start":{"line":133,"column":37},"end":{"line":133,"column":79}}]},"36":{"loc":{"start":{"line":156,"column":6},"end":{"line":162,"column":null}},"type":"if","locations":[{"start":{"line":156,"column":6},"end":{"line":162,"column":null}},{"start":{"line":158,"column":13},"end":{"line":162,"column":null}}]},"37":{"loc":{"start":{"line":158,"column":13},"end":{"line":162,"column":null}},"type":"if","locations":[{"start":{"line":158,"column":13},"end":{"line":162,"column":null}},{"start":{"line":160,"column":13},"end":{"line":162,"column":null}}]},"38":{"loc":{"start":{"line":165,"column":6},"end":{"line":167,"column":null}},"type":"if","locations":[{"start":{"line":165,"column":6},"end":{"line":167,"column":null}}]},"39":{"loc":{"start":{"line":177,"column":2},"end":{"line":180,"column":null}},"type":"if","locations":[{"start":{"line":177,"column":2},"end":{"line":180,"column":null}}]},"40":{"loc":{"start":{"line":183,"column":26},"end":{"line":185,"column":57}},"type":"cond-expr","locations":[{"start":{"line":184,"column":6},"end":{"line":184,"column":59}},{"start":{"line":185,"column":6},"end":{"line":185,"column":57}}]},"41":{"loc":{"start":{"line":188,"column":2},"end":{"line":193,"column":null}},"type":"if","locations":[{"start":{"line":188,"column":2},"end":{"line":193,"column":null}},{"start":{"line":191,"column":9},"end":{"line":193,"column":null}}]}},"s":{"0":0,"1":0,"2":0,"3":0,"4":0,"5":0,"6":0,"7":0,"8":0,"9":0,"10":0,"11":0,"12":0,"13":0,"14":0,"15":0,"16":0,"17":0,"18":0,"19":0,"20":0,"21":0,"22":0,"23":0,"24":0,"25":0,"26":0,"27":0,"28":0,"29":0,"30":0,"31":0,"32":0,"33":0,"34":0,"35":0,"36":0,"37":0,"38":0,"39":0,"40":0,"41":0,"42":0,"43":0,"44":0,"45":0,"46":0,"47":0,"48":0,"49":0,"50":0,"51":0,"52":0,"53":0,"54":0,"55":0,"56":0,"57":0,"58":0,"59":0,"60":0,"61":0,"62":0,"63":0,"64":0,"65":0,"66":0,"67":0,"68":0,"69":0,"70":0,"71":0,"72":0,"73":0,"74":0,"75":0,"76":0,"77":0,"78":0,"79":0,"80":0,"81":0,"82":0,"83":0,"84":0,"85":0,"86":0,"87":0,"88":0,"89":0,"90":0,"91":0,"92":0,"93":0,"94":0,"95":0,"96":0,"97":0,"98":0,"99":0,"100":0,"101":0,"102":0,"103":0,"104":0,"105":0,"106":0,"107":0,"108":0,"109":0,"110":0,"111":0},"f":{"0":0,"1":0,"2":0,"3":0},"b":{"0":[0,0],"1":[0,0],"2":[0,0],"3":[0,0],"4":[0,0],"5":[0,0],"6":[0,0],"7":[0,0],"8":[0,0],"9":[0,0],"10":[0,0],"11":[0,0],"12":[0,0],"13":[0,0],"14":[0,0],"15":[0,0],"16":[0,0],"17":[0,0],"18":[0,0],"19":[0],"20":[0,0],"21":[0,0],"22":[0],"23":[0,0],"24":[0,0],"25":[0,0],"26":[0,0],"27":[0,0],"28":[0,0,0,0],"29":[0,0],"30":[0],"31":[0],"32":[0,0],"33":[0,0],"34":[0],"35":[0,0],"36":[0,0],"37":[0,0],"38":[0],"39":[0],"40":[0,0],"41":[0,0]}}
,"/Users/vishnumishra/Documents/projects/poc/youtube-transcript/src/cli.ts": {"path":"/Users/vishnumishra/Documents/projects/poc/youtube-transcript/src/cli.ts","statementMap":{"0":{"start":{"line":6,"column":0},"end":{"line":6,"column":30}}},"fnMap":{},"branchMap":{},"s":{"0":0},"f":{},"b":{}}
,"/Users/vishnumishra/Documents/projects/poc/youtube-transcript/src/index.ts": {"path":"/Users/vishnumishra/Documents/projects/poc/youtube-transcript/src/index.ts","statementMap":{"0":{"start":{"line":2,"column":2},"end":{"line":2,"column":95}},"1":{"start":{"line":4,"column":2},"end":{"line":4,"column":134}},"2":{"start":{"line":6,"column":2},"end":{"line":6,"column":56}},"3":{"start":{"line":10,"column":4},"end":{"line":10,"column":47}},"4":{"start":{"line":8,"column":0},"end":{"line":8,"column":13}},"5":{"start":{"line":16,"column":4},"end":{"line":18,"column":6}},"6":{"start":{"line":14,"column":0},"end":{"line":14,"column":13}},"7":{"start":{"line":24,"column":4},"end":{"line":24,"column":59}},"8":{"start":{"line":22,"column":0},"end":{"line":22,"column":13}},"9":{"start":{"line":30,"column":4},"end":{"line":30,"column":63}},"10":{"start":{"line":28,"column":0},"end":{"line":28,"column":13}},"11":{"start":{"line":36,"column":4},"end":{"line":36,"column":70}},"12":{"start":{"line":34,"column":0},"end":{"line":34,"column":13}},"13":{"start":{"line":42,"column":4},"end":{"line":46,"column":6}},"14":{"start":{"line":40,"column":0},"end":{"line":40,"column":13}},"15":{"start":{"line":72,"column":20},"end":{"line":72,"column":35}},"16":{"start":{"line":73,"column":20},"end":{"line":73,"column":36}},"17":{"start":{"line":74,"column":20},"end":{"line":74,"column":40}},"18":{"start":{"line":75,"column":20},"end":{"line":75,"column":40}},"19":{"start":{"line":76,"column":20},"end":{"line":76,"column":43}},"20":{"start":{"line":77,"column":20},"end":{"line":77,"column":90}},"21":{"start":{"line":78,"column":21},"end":{"line":78,"column":36}},"22":{"start":{"line":79,"column":21},"end":{"line":79,"column":39}},"23":{"start":{"line":86,"column":31},"end":{"line":91,"column":6}},"24":{"start":{"line":93,"column":4},"end":{"line":95,"column":null}},"25":{"start":{"line":94,"column":6},"end":{"line":94,"column":65}},"26":{"start":{"line":97,"column":27},"end":{"line":97,"column":58}},"27":{"start":{"line":98,"column":20},"end":{"line":98,"column":67}},"28":{"start":{"line":100,"column":21},"end":{"line":104,"column":7}},"29":{"start":{"line":100,"column":46},"end":{"line":104,"column":6}},"30":{"start":{"line":106,"column":4},"end":{"line":112,"column":6}},"31":{"start":{"line":120,"column":4},"end":{"line":122,"column":null}},"32":{"start":{"line":121,"column":6},"end":{"line":121,"column":79}},"33":{"start":{"line":124,"column":4},"end":{"line":128,"column":null}},"34":{"start":{"line":124,"column":48},"end":{"line":124,"column":82}},"35":{"start":{"line":125,"column":6},"end":{"line":127,"column":8}},"36":{"start":{"line":126,"column":127},"end":{"line":126,"column":144}},"37":{"start":{"line":131,"column":27},"end":{"line":131,"column":66}},"38":{"start":{"line":134,"column":25},"end":{"line":136,"column":35}},"39":{"start":{"line":135,"column":14},"end":{"line":135,"column":48}},"40":{"start":{"line":138,"column":4},"end":{"line":147,"column":6}},"41":{"start":{"line":70,"column":0},"end":{"line":70,"column":13}},"42":{"start":{"line":152,"column":22},"end":{"line":152,"column":47}},"43":{"start":{"line":152,"column":57},"end":{"line":152,"column":72}},"44":{"start":{"line":159,"column":4},"end":{"line":164,"column":null}},"45":{"start":{"line":160,"column":25},"end":{"line":160,"column":84}},"46":{"start":{"line":160,"column":52},"end":{"line":160,"column":83}},"47":{"start":{"line":161,"column":6},"end":{"line":163,"column":null}},"48":{"start":{"line":162,"column":8},"end":{"line":162,"column":26}},"49":{"start":{"line":166,"column":4},"end":{"line":170,"column":6}},"50":{"start":{"line":168,"column":32},"end":{"line":168,"column":46}},"51":{"start":{"line":178,"column":4},"end":{"line":185,"column":null}},"52":{"start":{"line":179,"column":25},"end":{"line":180,"column":null}},"53":{"start":{"line":180,"column":13},"end":{"line":180,"column":62}},"54":{"start":{"line":182,"column":6},"end":{"line":184,"column":null}},"55":{"start":{"line":183,"column":8},"end":{"line":183,"column":26}},"56":{"start":{"line":187,"column":4},"end":{"line":191,"column":6}},"57":{"start":{"line":189,"column":35},"end":{"line":189,"column":49}},"58":{"start":{"line":189,"column":60},"end":{"line":189,"column":74}},"59":{"start":{"line":199,"column":4},"end":{"line":206,"column":null}},"60":{"start":{"line":200,"column":25},"end":{"line":201,"column":null}},"61":{"start":{"line":201,"column":13},"end":{"line":201,"column":61}},"62":{"start":{"line":203,"column":6},"end":{"line":205,"column":null}},"63":{"start":{"line":204,"column":8},"end":{"line":204,"column":26}},"64":{"start":{"line":208,"column":4},"end":{"line":212,"column":6}},"65":{"start":{"line":210,"column":35},"end":{"line":210,"column":48}},"66":{"start":{"line":210,"column":59},"end":{"line":210,"column":73}},"67":{"start":{"line":219,"column":4},"end":{"line":219,"column":33}},"68":{"start":{"line":226,"column":16},"end":{"line":226,"column":17}},"69":{"start":{"line":227,"column":24},"end":{"line":227,"column":40}},"70":{"start":{"line":229,"column":4},"end":{"line":237,"column":6}},"71":{"start":{"line":231,"column":8},"end":{"line":235,"column":null}},"72":{"start":{"line":232,"column":10},"end":{"line":232,"column":62}},"73":{"start":{"line":234,"column":10},"end":{"line":234,"column":50}},"74":{"start":{"line":151,"column":0},"end":{"line":151,"column":13}},"75":{"start":{"line":243,"column":20},"end":{"line":243,"column":56}},"76":{"start":{"line":244,"column":20},"end":{"line":244,"column":35}},"77":{"start":{"line":245,"column":20},"end":{"line":245,"column":36}},"78":{"start":{"line":246,"column":20},"end":{"line":246,"column":40}},"79":{"start":{"line":247,"column":20},"end":{"line":247,"column":40}},"80":{"start":{"line":254,"column":4},"end":{"line":260,"column":8}},"81":{"start":{"line":254,"column":41},"end":{"line":260,"column":6}},"82":{"start":{"line":267,"column":4},"end":{"line":267,"column":64}},"83":{"start":{"line":267,"column":40},"end":{"line":267,"column":52}},"84":{"start":{"line":274,"column":16},"end":{"line":274,"column":17}},"85":{"start":{"line":275,"column":21},"end":{"line":275,"column":34}},"86":{"start":{"line":277,"column":4},"end":{"line":285,"column":6}},"87":{"start":{"line":279,"column":8},"end":{"line":283,"column":null}},"88":{"start":{"line":280,"column":10},"end":{"line":280,"column":59}},"89":{"start":{"line":282,"column":10},"end":{"line":282,"column":50}},"90":{"start":{"line":292,"column":4},"end":{"line":292,"column":32}},"91":{"start":{"line":241,"column":0},"end":{"line":241,"column":13}},"92":{"start":{"line":309,"column":23},"end":{"line":309,"column":52}},"93":{"start":{"line":310,"column":30},"end":{"line":317,"column":null}},"94":{"start":{"line":319,"column":26},"end":{"line":319,"column":56}},"95":{"start":{"line":321,"column":25},"end":{"line":321,"column":59}},"96":{"start":{"line":323,"column":4},"end":{"line":331,"column":null}},"97":{"start":{"line":324,"column":6},"end":{"line":326,"column":null}},"98":{"start":{"line":325,"column":8},"end":{"line":325,"column":57}},"99":{"start":{"line":327,"column":6},"end":{"line":329,"column":null}},"100":{"start":{"line":328,"column":8},"end":{"line":328,"column":66}},"101":{"start":{"line":330,"column":6},"end":{"line":330,"column":56}},"102":{"start":{"line":333,"column":21},"end":{"line":341,"column":45}},"103":{"start":{"line":334,"column":6},"end":{"line":340,"column":null}},"104":{"start":{"line":335,"column":8},"end":{"line":337,"column":10}},"105":{"start":{"line":339,"column":8},"end":{"line":339,"column":25}},"106":{"start":{"line":343,"column":4},"end":{"line":345,"column":null}},"107":{"start":{"line":344,"column":6},"end":{"line":344,"column":56}},"108":{"start":{"line":347,"column":4},"end":{"line":349,"column":null}},"109":{"start":{"line":348,"column":6},"end":{"line":348,"column":60}},"110":{"start":{"line":351,"column":4},"end":{"line":362,"column":null}},"111":{"start":{"line":354,"column":19},"end":{"line":354,"column":null}},"112":{"start":{"line":357,"column":6},"end":{"line":361,"column":8}},"113":{"start":{"line":359,"column":46},"end":{"line":359,"column":64}},"114":{"start":{"line":364,"column":26},"end":{"line":370,"column":13}},"115":{"start":{"line":367,"column":23},"end":{"line":367,"column":null}},"116":{"start":{"line":372,"column":31},"end":{"line":377,"column":6}},"117":{"start":{"line":378,"column":4},"end":{"line":380,"column":null}},"118":{"start":{"line":379,"column":6},"end":{"line":379,"column":60}},"119":{"start":{"line":381,"column":27},"end":{"line":381,"column":58}},"120":{"start":{"line":382,"column":20},"end":{"line":382,"column":67}},"121":{"start":{"line":383,"column":4},"end":{"line":388,"column":8}},"122":{"start":{"line":383,"column":35},"end":{"line":388,"column":7}},"123":{"start":{"line":396,"column":4},"end":{"line":398,"column":null}},"124":{"start":{"line":397,"column":6},"end":{"line":397,"column":21}},"125":{"start":{"line":399,"column":20},"end":{"line":399,"column":45}},"126":{"start":{"line":400,"column":4},"end":{"line":402,"column":null}},"127":{"start":{"line":401,"column":6},"end":{"line":401,"column":24}},"128":{"start":{"line":403,"column":4},"end":{"line":405,"column":6}},"129":{"start":{"line":299,"column":0},"end":{"line":299,"column":13}}},"fnMap":{"0":{"name":"(anonymous_0)","decl":{"start":{"line":9,"column":2},"end":{"line":9,"column":14}},"loc":{"start":{"line":9,"column":21},"end":{"line":11,"column":3}}},"1":{"name":"(anonymous_1)","decl":{"start":{"line":15,"column":2},"end":{"line":15,"column":null}},"loc":{"start":{"line":15,"column":2},"end":{"line":19,"column":3}}},"2":{"name":"(anonymous_2)","decl":{"start":{"line":23,"column":2},"end":{"line":23,"column":14}},"loc":{"start":{"line":23,"column":29},"end":{"line":25,"column":3}}},"3":{"name":"(anonymous_3)","decl":{"start":{"line":29,"column":2},"end":{"line":29,"column":14}},"loc":{"start":{"line":29,"column":29},"end":{"line":31,"column":3}}},"4":{"name":"(anonymous_4)","decl":{"start":{"line":35,"column":2},"end":{"line":35,"column":14}},"loc":{"start":{"line":35,"column":29},"end":{"line":37,"column":3}}},"5":{"name":"(anonymous_5)","decl":{"start":{"line":41,"column":2},"end":{"line":41,"column":14}},"loc":{"start":{"line":41,"column":69},"end":{"line":47,"column":3}}},"6":{"name":"(anonymous_6)","decl":{"start":{"line":71,"column":2},"end":{"line":71,"column":null}},"loc":{"start":{"line":79,"column":43},"end":{"line":80,"column":6}}},"7":{"name":"(anonymous_7)","decl":{"start":{"line":85,"column":15},"end":{"line":85,"column":20}},"loc":{"start":{"line":85,"column":56},"end":{"line":113,"column":null}}},"8":{"name":"(anonymous_9)","decl":{"start":{"line":100,"column":33},"end":{"line":100,"column":34}},"loc":{"start":{"line":100,"column":46},"end":{"line":104,"column":6}}},"9":{"name":"(anonymous_10)","decl":{"start":{"line":119,"column":9},"end":{"line":119,"column":18}},"loc":{"start":{"line":119,"column":39},"end":{"line":148,"column":3}}},"10":{"name":"(anonymous_11)","decl":{"start":{"line":124,"column":40},"end":{"line":124,"column":44}},"loc":{"start":{"line":124,"column":48},"end":{"line":124,"column":82}}},"11":{"name":"(anonymous_12)","decl":{"start":{"line":126,"column":119},"end":{"line":126,"column":123}},"loc":{"start":{"line":126,"column":127},"end":{"line":126,"column":144}}},"12":{"name":"(anonymous_13)","decl":{"start":{"line":135,"column":6},"end":{"line":135,"column":10}},"loc":{"start":{"line":135,"column":14},"end":{"line":135,"column":48}}},"13":{"name":"(anonymous_14)","decl":{"start":{"line":152,"column":2},"end":{"line":152,"column":22}},"loc":{"start":{"line":152,"column":72},"end":{"line":152,"column":76}}},"14":{"name":"(anonymous_15)","decl":{"start":{"line":158,"column":9},"end":{"line":158,"column":23}},"loc":{"start":{"line":158,"column":47},"end":{"line":171,"column":3}}},"15":{"name":"(anonymous_16)","decl":{"start":{"line":160,"column":47},"end":{"line":160,"column":48}},"loc":{"start":{"line":160,"column":52},"end":{"line":160,"column":83}}},"16":{"name":"(anonymous_17)","decl":{"start":{"line":168,"column":27},"end":{"line":168,"column":28}},"loc":{"start":{"line":168,"column":32},"end":{"line":168,"column":46}}},"17":{"name":"(anonymous_18)","decl":{"start":{"line":177,"column":9},"end":{"line":177,"column":38}},"loc":{"start":{"line":177,"column":62},"end":{"line":192,"column":3}}},"18":{"name":"(anonymous_19)","decl":{"start":{"line":180,"column":8},"end":{"line":180,"column":9}},"loc":{"start":{"line":180,"column":13},"end":{"line":180,"column":62}}},"19":{"name":"(anonymous_20)","decl":{"start":{"line":189,"column":30},"end":{"line":189,"column":31}},"loc":{"start":{"line":189,"column":35},"end":{"line":189,"column":49}}},"20":{"name":"(anonymous_21)","decl":{"start":{"line":189,"column":55},"end":{"line":189,"column":56}},"loc":{"start":{"line":189,"column":60},"end":{"line":189,"column":74}}},"21":{"name":"(anonymous_22)","decl":{"start":{"line":198,"column":9},"end":{"line":198,"column":32}},"loc":{"start":{"line":198,"column":56},"end":{"line":213,"column":3}}},"22":{"name":"(anonymous_23)","decl":{"start":{"line":201,"column":8},"end":{"line":201,"column":9}},"loc":{"start":{"line":201,"column":13},"end":{"line":201,"column":61}}},"23":{"name":"(anonymous_24)","decl":{"start":{"line":210,"column":30},"end":{"line":210,"column":31}},"loc":{"start":{"line":210,"column":35},"end":{"line":210,"column":48}}},"24":{"name":"(anonymous_25)","decl":{"start":{"line":210,"column":54},"end":{"line":210,"column":55}},"loc":{"start":{"line":210,"column":59},"end":{"line":210,"column":73}}},"25":{"name":"(anonymous_26)","decl":{"start":{"line":218,"column":9},"end":{"line":218,"column":23}},"loc":{"start":{"line":218,"column":23},"end":{"line":220,"column":3}}},"26":{"name":"(anonymous_27)","decl":{"start":{"line":225,"column":2},"end":{"line":225,"column":3}},"loc":{"start":{"line":225,"column":19},"end":{"line":238,"column":3}}},"27":{"name":"(anonymous_28)","decl":{"start":{"line":230,"column":12},"end":{"line":230,"column":15}},"loc":{"start":{"line":230,"column":17},"end":{"line":236,"column":7}}},"28":{"name":"(anonymous_29)","decl":{"start":{"line":242,"column":2},"end":{"line":242,"column":null}},"loc":{"start":{"line":247,"column":40},"end":{"line":248,"column":6}}},"29":{"name":"(anonymous_30)","decl":{"start":{"line":253,"column":9},"end":{"line":253,"column":18}},"loc":{"start":{"line":253,"column":18},"end":{"line":261,"column":3}}},"30":{"name":"(anonymous_31)","decl":{"start":{"line":254,"column":29},"end":{"line":254,"column":36}},"loc":{"start":{"line":254,"column":41},"end":{"line":260,"column":6}}},"31":{"name":"(anonymous_32)","decl":{"start":{"line":266,"column":9},"end":{"line":266,"column":16}},"loc":{"start":{"line":266,"column":16},"end":{"line":268,"column":3}}},"32":{"name":"(anonymous_33)","decl":{"start":{"line":267,"column":29},"end":{"line":267,"column":36}},"loc":{"start":{"line":267,"column":40},"end":{"line":267,"column":52}}},"33":{"name":"(anonymous_34)","decl":{"start":{"line":273,"column":2},"end":{"line":273,"column":3}},"loc":{"start":{"line":273,"column":19},"end":{"line":286,"column":3}}},"34":{"name":"(anonymous_35)","decl":{"start":{"line":278,"column":12},"end":{"line":278,"column":15}},"loc":{"start":{"line":278,"column":17},"end":{"line":284,"column":7}}},"35":{"name":"(anonymous_36)","decl":{"start":{"line":291,"column":2},"end":{"line":291,"column":6}},"loc":{"start":{"line":291,"column":12},"end":{"line":293,"column":3}}},"36":{"name":"(anonymous_37)","decl":{"start":{"line":305,"column":9},"end":{"line":305,"column":15}},"loc":{"start":{"line":307,"column":29},"end":{"line":389,"column":null}}},"37":{"name":"(anonymous_39)","decl":{"start":{"line":333,"column":22},"end":{"line":333,"column":25}},"loc":{"start":{"line":333,"column":27},"end":{"line":341,"column":5}}},"38":{"name":"(anonymous_40)","decl":{"start":{"line":354,"column":8},"end":{"line":354,"column":9}},"loc":{"start":{"line":354,"column":19},"end":{"line":354,"column":null}}},"39":{"name":"(anonymous_41)","decl":{"start":{"line":359,"column":35},"end":{"line":359,"column":36}},"loc":{"start":{"line":359,"column":46},"end":{"line":359,"column":64}}},"40":{"name":"(anonymous_42)","decl":{"start":{"line":367,"column":12},"end":{"line":367,"column":13}},"loc":{"start":{"line":367,"column":23},"end":{"line":367,"column":null}}},"41":{"name":"(anonymous_43)","decl":{"start":{"line":383,"column":23},"end":{"line":383,"column":24}},"loc":{"start":{"line":383,"column":34},"end":{"line":388,"column":7}}},"42":{"name":"(anonymous_44)","decl":{"start":{"line":395,"column":10},"end":{"line":395,"column":16}},"loc":{"start":{"line":395,"column":48},"end":{"line":406,"column":3}}}},"branchMap":{"0":{"loc":{"start":{"line":79,"column":21},"end":{"line":79,"column":43}},"type":"default-arg","locations":[{"start":{"line":79,"column":39},"end":{"line":79,"column":43}}]},"1":{"loc":{"start":{"line":85,"column":21},"end":{"line":85,"column":56}},"type":"default-arg","locations":[{"start":{"line":85,"column":51},"end":{"line":85,"column":56}}]},"2":{"loc":{"start":{"line":93,"column":4},"end":{"line":95,"column":null}},"type":"if","locations":[{"start":{"line":93,"column":4},"end":{"line":95,"column":null}}]},"3":{"loc":{"start":{"line":101,"column":12},"end":{"line":101,"column":78}},"type":"cond-expr","locations":[{"start":{"line":101,"column":33},"end":{"line":101,"column":42}},{"start":{"line":101,"column":45},"end":{"line":101,"column":78}}]},"4":{"loc":{"start":{"line":120,"column":4},"end":{"line":122,"column":null}},"type":"if","locations":[{"start":{"line":120,"column":4},"end":{"line":122,"column":null}}]},"5":{"loc":{"start":{"line":124,"column":4},"end":{"line":128,"column":null}},"type":"if","locations":[{"start":{"line":124,"column":4},"end":{"line":128,"column":null}}]},"6":{"loc":{"start":{"line":134,"column":25},"end":{"line":136,"column":35}},"type":"binary-expr","locations":[{"start":{"line":134,"column":25},"end":{"line":136,"column":19}},{"start":{"line":136,"column":23},"end":{"line":136,"column":35}}]},"7":{"loc":{"start":{"line":134,"column":25},"end":{"line":136,"column":19}},"type":"cond-expr","locations":[{"start":{"line":136,"column":5},"end":{"line":136,"column":7}},{"start":{"line":136,"column":5},"end":{"line":136,"column":19}}]},"8":{"loc":{"start":{"line":134,"column":25},"end":{"line":136,"column":7}},"type":"binary-expr","locations":[{"start":{"line":134,"column":25},"end":{"line":136,"column":7}},{"start":{"line":136,"column":5},"end":{"line":136,"column":7}}]},"9":{"loc":{"start":{"line":161,"column":6},"end":{"line":163,"column":null}},"type":"if","locations":[{"start":{"line":161,"column":6},"end":{"line":163,"column":null}}]},"10":{"loc":{"start":{"line":180,"column":13},"end":{"line":180,"column":62}},"type":"binary-expr","locations":[{"start":{"line":180,"column":13},"end":{"line":180,"column":44}},{"start":{"line":180,"column":48},"end":{"line":180,"column":62}}]},"11":{"loc":{"start":{"line":182,"column":6},"end":{"line":184,"column":null}},"type":"if","locations":[{"start":{"line":182,"column":6},"end":{"line":184,"column":null}}]},"12":{"loc":{"start":{"line":201,"column":13},"end":{"line":201,"column":61}},"type":"binary-expr","locations":[{"start":{"line":201,"column":13},"end":{"line":201,"column":44}},{"start":{"line":201,"column":48},"end":{"line":201,"column":61}}]},"13":{"loc":{"start":{"line":203,"column":6},"end":{"line":205,"column":null}},"type":"if","locations":[{"start":{"line":203,"column":6},"end":{"line":205,"column":null}}]},"14":{"loc":{"start":{"line":231,"column":8},"end":{"line":235,"column":null}},"type":"if","locations":[{"start":{"line":231,"column":8},"end":{"line":235,"column":null}},{"start":{"line":233,"column":15},"end":{"line":235,"column":null}}]},"15":{"loc":{"start":{"line":279,"column":8},"end":{"line":283,"column":null}},"type":"if","locations":[{"start":{"line":279,"column":8},"end":{"line":283,"column":null}},{"start":{"line":281,"column":15},"end":{"line":283,"column":null}}]},"16":{"loc":{"start":{"line":314,"column":14},"end":{"line":314,"column":64}},"type":"binary-expr","locations":[{"start":{"line":314,"column":14},"end":{"line":314,"column":26}},{"start":{"line":314,"column":30},"end":{"line":314,"column":64}}]},"17":{"loc":{"start":{"line":314,"column":14},"end":{"line":314,"column":26}},"type":"cond-expr","locations":[{"start":{"line":314,"column":20},"end":{"line":314,"column":22}},{"start":{"line":314,"column":14},"end":{"line":314,"column":26}}]},"18":{"loc":{"start":{"line":314,"column":14},"end":{"line":314,"column":22}},"type":"binary-expr","locations":[{"start":{"line":314,"column":14},"end":{"line":314,"column":22}},{"start":{"line":314,"column":14},"end":{"line":314,"column":22}}]},"19":{"loc":{"start":{"line":323,"column":4},"end":{"line":331,"column":null}},"type":"if","locations":[{"start":{"line":323,"column":4},"end":{"line":331,"column":null}}]},"20":{"loc":{"start":{"line":324,"column":6},"end":{"line":326,"column":null}},"type":"if","locations":[{"start":{"line":324,"column":6},"end":{"line":326,"column":null}}]},"21":{"loc":{"start":{"line":327,"column":6},"end":{"line":329,"column":null}},"type":"if","locations":[{"start":{"line":327,"column":6},"end":{"line":329,"column":null}}]},"22":{"loc":{"start":{"line":333,"column":21},"end":{"line":341,"column":45}},"type":"cond-expr","locations":[{"start":{"line":341,"column":8},"end":{"line":341,"column":11}},{"start":{"line":341,"column":8},"end":{"line":341,"column":45}}]},"23":{"loc":{"start":{"line":333,"column":21},"end":{"line":341,"column":11}},"type":"binary-expr","locations":[{"start":{"line":333,"column":21},"end":{"line":341,"column":11}},{"start":{"line":341,"column":8},"end":{"line":341,"column":11}}]},"24":{"loc":{"start":{"line":343,"column":4},"end":{"line":345,"column":null}},"type":"if","locations":[{"start":{"line":343,"column":4},"end":{"line":345,"column":null}}]},"25":{"loc":{"start":{"line":347,"column":4},"end":{"line":349,"column":null}},"type":"if","locations":[{"start":{"line":347,"column":4},"end":{"line":349,"column":null}}]},"26":{"loc":{"start":{"line":351,"column":4},"end":{"line":362,"column":null}},"type":"if","locations":[{"start":{"line":351,"column":4},"end":{"line":362,"column":null}}]},"27":{"loc":{"start":{"line":352,"column":6},"end":{"line":354,"column":null}},"type":"binary-expr","locations":[{"start":{"line":352,"column":6},"end":{"line":352,"column":18}},{"start":{"line":353,"column":6},"end":{"line":354,"column":null}}]},"28":{"loc":{"start":{"line":352,"column":6},"end":{"line":352,"column":18}},"type":"cond-expr","locations":[{"start":{"line":352,"column":12},"end":{"line":352,"column":14}},{"start":{"line":352,"column":6},"end":{"line":352,"column":18}}]},"29":{"loc":{"start":{"line":352,"column":6},"end":{"line":352,"column":14}},"type":"binary-expr","locations":[{"start":{"line":352,"column":6},"end":{"line":352,"column":14}},{"start":{"line":352,"column":6},"end":{"line":352,"column":14}}]},"30":{"loc":{"start":{"line":354,"column":42},"end":{"line":354,"column":54}},"type":"cond-expr","locations":[{"start":{"line":354,"column":48},"end":{"line":354,"column":50}},{"start":{"line":354,"column":42},"end":{"line":354,"column":54}}]},"31":{"loc":{"start":{"line":354,"column":42},"end":{"line":354,"column":50}},"type":"binary-expr","locations":[{"start":{"line":354,"column":42},"end":{"line":354,"column":50}},{"start":{"line":354,"column":42},"end":{"line":354,"column":50}}]},"32":{"loc":{"start":{"line":358,"column":8},"end":{"line":358,"column":20}},"type":"cond-expr","locations":[{"start":{"line":358,"column":14},"end":{"line":358,"column":16}},{"start":{"line":358,"column":8},"end":{"line":358,"column":20}}]},"33":{"loc":{"start":{"line":358,"column":8},"end":{"line":358,"column":16}},"type":"binary-expr","locations":[{"start":{"line":358,"column":8},"end":{"line":358,"column":16}},{"start":{"line":358,"column":8},"end":{"line":358,"column":16}}]},"34":{"loc":{"start":{"line":365,"column":6},"end":{"line":369,"column":35}},"type":"cond-expr","locations":[{"start":{"line":366,"column":10},"end":{"line":367,"column":null}},{"start":{"line":369,"column":10},"end":{"line":369,"column":35}}]},"35":{"loc":{"start":{"line":365,"column":6},"end":{"line":365,"column":18}},"type":"cond-expr","locations":[{"start":{"line":365,"column":12},"end":{"line":365,"column":14}},{"start":{"line":365,"column":6},"end":{"line":365,"column":18}}]},"36":{"loc":{"start":{"line":365,"column":6},"end":{"line":365,"column":14}},"type":"binary-expr","locations":[{"start":{"line":365,"column":6},"end":{"line":365,"column":14}},{"start":{"line":365,"column":6},"end":{"line":365,"column":14}}]},"37":{"loc":{"start":{"line":367,"column":46},"end":{"line":367,"column":58}},"type":"cond-expr","locations":[{"start":{"line":367,"column":52},"end":{"line":367,"column":54}},{"start":{"line":367,"column":46},"end":{"line":367,"column":58}}]},"38":{"loc":{"start":{"line":367,"column":46},"end":{"line":367,"column":54}},"type":"binary-expr","locations":[{"start":{"line":367,"column":46},"end":{"line":367,"column":54}},{"start":{"line":367,"column":46},"end":{"line":367,"column":54}}]},"39":{"loc":{"start":{"line":374,"column":12},"end":{"line":374,"column":62}},"type":"binary-expr","locations":[{"start":{"line":374,"column":12},"end":{"line":374,"column":24}},{"start":{"line":374,"column":28},"end":{"line":374,"column":62}}]},"40":{"loc":{"start":{"line":374,"column":12},"end":{"line":374,"column":24}},"type":"cond-expr","locations":[{"start":{"line":374,"column":18},"end":{"line":374,"column":20}},{"start":{"line":374,"column":12},"end":{"line":374,"column":24}}]},"41":{"loc":{"start":{"line":374,"column":12},"end":{"line":374,"column":20}},"type":"binary-expr","locations":[{"start":{"line":374,"column":12},"end":{"line":374,"column":20}},{"start":{"line":374,"column":12},"end":{"line":374,"column":20}}]},"42":{"loc":{"start":{"line":378,"column":4},"end":{"line":380,"column":null}},"type":"if","locations":[{"start":{"line":378,"column":4},"end":{"line":380,"column":null}}]},"43":{"loc":{"start":{"line":387,"column":12},"end":{"line":387,"column":66}},"type":"cond-expr","locations":[{"start":{"line":387,"column":24},"end":{"line":387,"column":28}},{"start":{"line":387,"column":28},"end":{"line":387,"column":66}}]},"44":{"loc":{"start":{"line":387,"column":12},"end":{"line":387,"column":28}},"type":"binary-expr","locations":[{"start":{"line":387,"column":12},"end":{"line":387,"column":28}},{"start":{"line":387,"column":24},"end":{"line":387,"column":28}}]},"45":{"loc":{"start":{"line":387,"column":12},"end":{"line":387,"column":24}},"type":"cond-expr","locations":[{"start":{"line":387,"column":18},"end":{"line":387,"column":20}},{"start":{"line":387,"column":12},"end":{"line":387,"column":24}}]},"46":{"loc":{"start":{"line":387,"column":12},"end":{"line":387,"column":20}},"type":"binary-expr","locations":[{"start":{"line":387,"column":12},"end":{"line":387,"column":20}},{"start":{"line":387,"column":12},"end":{"line":387,"column":20}}]},"47":{"loc":{"start":{"line":396,"column":4},"end":{"line":398,"column":null}},"type":"if","locations":[{"start":{"line":396,"column":4},"end":{"line":398,"column":null}}]},"48":{"loc":{"start":{"line":400,"column":4},"end":{"line":402,"column":null}},"type":"if","locations":[{"start":{"line":400,"column":4},"end":{"line":402,"column":null}}]},"49":{"loc":{"start":{"line":400,"column":8},"end":{"line":400,"column":33}},"type":"binary-expr","locations":[{"start":{"line":400,"column":8},"end":{"line":400,"column":15}},{"start":{"line":400,"column":19},"end":{"line":400,"column":33}}]}},"s":{"0":3,"1":3,"2":3,"3":0,"4":3,"5":0,"6":3,"7":0,"8":3,"9":0,"10":3,"11":0,"12":3,"13":0,"14":3,"15":0,"16":0,"17":0,"18":0,"19":0,"20":0,"21":0,"22":0,"23":0,"24":0,"25":0,"26":0,"27":0,"28":0,"29":0,"30":0,"31":0,"32":0,"33":0,"34":0,"35":0,"36":0,"37":0,"38":0,"39":0,"40":0,"41":3,"42":0,"43":0,"44":0,"45":0,"46":0,"47":0,"48":0,"49":0,"50":0,"51":0,"52":0,"53":0,"54":0,"55":0,"56":0,"57":0,"58":0,"59":0,"60":0,"61":0,"62":0,"63":0,"64":0,"65":0,"66":0,"67":0,"68":0,"69":0,"70":0,"71":0,"72":0,"73":0,"74":3,"75":0,"76":0,"77":0,"78":0,"79":0,"80":0,"81":0,"82":0,"83":0,"84":0,"85":0,"86":0,"87":0,"88":0,"89":0,"90":0,"91":3,"92":0,"93":0,"94":0,"95":0,"96":0,"97":0,"98":0,"99":0,"100":0,"101":0,"102":0,"103":0,"104":0,"105":0,"106":0,"107":0,"108":0,"109":0,"110":0,"111":0,"112":0,"113":0,"114":0,"115":0,"116":0,"117":0,"118":0,"119":0,"120":0,"121":0,"122":0,"123":0,"124":0,"125":0,"126":0,"127":0,"128":0,"129":3},"f":{"0":0,"1":0,"2":0,"3":0,"4":0,"5":0,"6":0,"7":0,"8":0,"9":0,"10":0,"11":0,"12":0,"13":0,"14":0,"15":0,"16":0,"17":0,"18":0,"19":0,"20":0,"21":0,"22":0,"23":0,"24":0,"25":0,"26":0,"27":0,"28":0,"29":0,"30":0,"31":0,"32":0,"33":0,"34":0,"35":0,"36":0,"37":0,"38":0,"39":0,"40":0,"41":0,"42":0},"b":{"0":[0],"1":[0],"2":[0],"3":[0,0],"4":[0],"5":[0],"6":[0,0],"7":[0,0],"8":[0,0],"9":[0],"10":[0,0],"11":[0],"12":[0,0],"13":[0],"14":[0,0],"15":[0,0],"16":[0,0],"17":[0,0],"18":[0,0],"19":[0],"20":[0],"21":[0],"22":[0,0],"23":[0,0],"24":[0],"25":[0],"26":[0],"27":[0,0],"28":[0,0],"29":[0,0],"30":[0,0],"31":[0,0],"32":[0,0],"33":[0,0],"34":[0,0],"35":[0,0],"36":[0,0],"37":[0,0],"38":[0,0],"39":[0,0],"40":[0,0],"41":[0,0],"42":[0],"43":[0,0],"44":[0,0],"45":[0,0],"46":[0,0],"47":[0],"48":[0],"49":[0,0]}}
,"/Users/vishnumishra/Documents/projects/poc/youtube-transcript/src/new-index.ts": {"path":"/Users/vishnumishra/Documents/projects/poc/youtube-transcript/src/new-index.ts","statementMap":{"0":{"start":{"line":2,"column":0},"end":{"line":2,"column":9}},"1":{"start":{"line":2,"column":9},"end":{"line":2,"column":57}},"2":{"start":{"line":5,"column":0},"end":{"line":5,"column":24}},"3":{"start":{"line":8,"column":0},"end":{"line":8,"column":null}},"4":{"start":{"line":9,"column":2},"end":{"line":9,"column":null}},"5":{"start":{"line":10,"column":2},"end":{"line":10,"column":null}},"6":{"start":{"line":11,"column":2},"end":{"line":11,"column":null}},"7":{"start":{"line":12,"column":2},"end":{"line":12,"column":null}},"8":{"start":{"line":13,"column":2},"end":{"line":13,"column":null}},"9":{"start":{"line":14,"column":2},"end":{"line":14,"column":null}},"10":{"start":{"line":15,"column":2},"end":{"line":15,"column":null}},"11":{"start":{"line":16,"column":2},"end":{"line":16,"column":null}},"12":{"start":{"line":17,"column":2},"end":{"line":17,"column":null}},"13":{"start":{"line":29,"column":0},"end":{"line":29,"column":null}},"14":{"start":{"line":30,"column":2},"end":{"line":30,"column":null}},"15":{"start":{"line":31,"column":2},"end":{"line":31,"column":null}},"16":{"start":{"line":32,"column":2},"end":{"line":32,"column":null}},"17":{"start":{"line":40,"column":0},"end":{"line":40,"column":null}},"18":{"start":{"line":41,"column":2},"end":{"line":41,"column":null}},"19":{"start":{"line":44,"column":0},"end":{"line":44,"column":null}},"20":{"start":{"line":45,"column":2},"end":{"line":45,"column":null}},"21":{"start":{"line":48,"column":0},"end":{"line":48,"column":null}},"22":{"start":{"line":49,"column":2},"end":{"line":49,"column":null}},"23":{"start":{"line":53,"column":0},"end":{"line":53,"column":null}},"24":{"start":{"line":55,"column":2},"end":{"line":55,"column":null}},"25":{"start":{"line":58,"column":0},"end":{"line":58,"column":null}},"26":{"start":{"line":59,"column":2},"end":{"line":59,"column":null}}},"fnMap":{"0":{"name":"(anonymous_0)","decl":{"start":{"line":2,"column":9},"end":{"line":2,"column":26}},"loc":{"start":{"line":2,"column":9},"end":{"line":2,"column":57}}},"1":{"name":"(anonymous_1)","decl":{"start":{"line":9,"column":2},"end":{"line":9,"column":24}},"loc":{"start":{"line":9,"column":2},"end":{"line":9,"column":null}}},"2":{"name":"(anonymous_2)","decl":{"start":{"line":10,"column":2},"end":{"line":10,"column":38}},"loc":{"start":{"line":10,"column":2},"end":{"line":10,"column":null}}},"3":{"name":"(anonymous_3)","decl":{"start":{"line":11,"column":2},"end":{"line":11,"column":40}},"loc":{"start":{"line":11,"column":2},"end":{"line":11,"column":null}}},"4":{"name":"(anonymous_4)","decl":{"start":{"line":12,"column":2},"end":{"line":12,"column":32}},"loc":{"start":{"line":12,"column":2},"end":{"line":12,"column":null}}},"5":{"name":"(anonymous_5)","decl":{"start":{"line":13,"column":2},"end":{"line":13,"column":36}},"loc":{"start":{"line":13,"column":2},"end":{"line":13,"column":null}}},"6":{"name":"(anonymous_6)","decl":{"start":{"line":14,"column":2},"end":{"line":14,"column":44}},"loc":{"start":{"line":14,"column":2},"end":{"line":14,"column":null}}},"7":{"name":"(anonymous_7)","decl":{"start":{"line":15,"column":2},"end":{"line":15,"column":35}},"loc":{"start":{"line":15,"column":2},"end":{"line":15,"column":null}}},"8":{"name":"(anonymous_8)","decl":{"start":{"line":16,"column":2},"end":{"line":16,"column":38}},"loc":{"start":{"line":16,"column":2},"end":{"line":16,"column":null}}},"9":{"name":"(anonymous_9)","decl":{"start":{"line":17,"column":2},"end":{"line":17,"column":33}},"loc":{"start":{"line":17,"column":2},"end":{"line":17,"column":null}}},"10":{"name":"(anonymous_10)","decl":{"start":{"line":30,"column":2},"end":{"line":30,"column":12}},"loc":{"start":{"line":30,"column":2},"end":{"line":30,"column":null}}},"11":{"name":"(anonymous_11)","decl":{"start":{"line":31,"column":2},"end":{"line":31,"column":16}},"loc":{"start":{"line":31,"column":2},"end":{"line":31,"column":null}}},"12":{"name":"(anonymous_12)","decl":{"start":{"line":32,"column":2},"end":{"line":32,"column":19}},"loc":{"start":{"line":32,"column":2},"end":{"line":32,"column":null}}},"13":{"name":"(anonymous_13)","decl":{"start":{"line":41,"column":2},"end":{"line":41,"column":15}},"loc":{"start":{"line":41,"column":2},"end":{"line":41,"column":null}}},"14":{"name":"(anonymous_14)","decl":{"start":{"line":45,"column":2},"end":{"line":45,"column":15}},"loc":{"start":{"line":45,"column":2},"end":{"line":45,"column":null}}},"15":{"name":"(anonymous_15)","decl":{"start":{"line":49,"column":2},"end":{"line":49,"column":14}},"loc":{"start":{"line":49,"column":2},"end":{"line":49,"column":null}}},"16":{"name":"(anonymous_16)","decl":{"start":{"line":55,"column":2},"end":{"line":55,"column":20}},"loc":{"start":{"line":55,"column":2},"end":{"line":55,"column":null}}},"17":{"name":"(anonymous_17)","decl":{"start":{"line":59,"column":2},"end":{"line":59,"column":21}},"loc":{"start":{"line":59,"column":2},"end":{"line":59,"column":null}}}},"branchMap":{},"s":{"0":3,"1":10,"2":3,"3":3,"4":3,"5":3,"6":3,"7":3,"8":3,"9":3,"10":3,"11":3,"12":3,"13":3,"14":3,"15":3,"16":3,"17":3,"18":7,"19":3,"20":6,"21":3,"22":6,"23":3,"24":6,"25":3,"26":4},"f":{"0":7,"1":0,"2":0,"3":0,"4":0,"5":0,"6":0,"7":0,"8":0,"9":0,"10":0,"11":0,"12":0,"13":4,"14":3,"15":3,"16":3,"17":1},"b":{}}
,"/Users/vishnumishra/Documents/projects/poc/youtube-transcript/src/youtube-transcript.ts": {"path":"/Users/vishnumishra/Documents/projects/poc/youtube-transcript/src/youtube-transcript.ts","statementMap":{"0":{"start":{"line":1,"column":0},"end":{"line":1,"column":null}},"1":{"start":{"line":9,"column":0},"end":{"line":9,"column":84}},"2":{"start":{"line":11,"column":0},"end":{"line":11,"column":42}},"3":{"start":{"line":12,"column":0},"end":{"line":12,"column":49}},"4":{"start":{"line":32,"column":21},"end":{"line":32,"column":44}},"5":{"start":{"line":33,"column":23},"end":{"line":33,"column":60}},"6":{"start":{"line":34,"column":4},"end":{"line":34,"column":34}},"7":{"start":{"line":47,"column":4},"end":{"line":47,"column":62}},"8":{"start":{"line":60,"column":23},"end":{"line":60,"column":54}},"9":{"start":{"line":61,"column":22},"end":{"line":61,"column":57}},"10":{"start":{"line":64,"column":27},"end":{"line":64,"column":54}},"11":{"start":{"line":67,"column":23},"end":{"line":67,"column":63}},"12":{"start":{"line":70,"column":4},"end":{"line":70,"column":56}},"13":{"start":{"line":79,"column":23},"end":{"line":79,"column":54}},"14":{"start":{"line":82,"column":30},"end":{"line":83,"column":null}},"15":{"start":{"line":86,"column":26},"end":{"line":86,"column":56}},"16":{"start":{"line":89,"column":4},"end":{"line":91,"column":null}},"17":{"start":{"line":90,"column":6},"end":{"line":90,"column":55}},"18":{"start":{"line":93,"column":4},"end":{"line":95,"column":null}},"19":{"start":{"line":94,"column":6},"end":{"line":94,"column":67}},"20":{"start":{"line":98,"column":21},"end":{"line":98,"column":65}},"21":{"start":{"line":100,"column":4},"end":{"line":102,"column":null}},"22":{"start":{"line":101,"column":6},"end":{"line":101,"column":59}},"23":{"start":{"line":104,"column":4},"end":{"line":106,"column":null}},"24":{"start":{"line":105,"column":6},"end":{"line":105,"column":63}},"25":{"start":{"line":109,"column":24},"end":{"line":128,"column":6}},"26":{"start":{"line":111,"column":51},"end":{"line":116,"column":12}},"27":{"start":{"line":112,"column":50},"end":{"line":115,"column":12}},"28":{"start":{"line":118,"column":6},"end":{"line":127,"column":8}},"29":{"start":{"line":130,"column":4},"end":{"line":130,"column":55}},"30":{"start":{"line":139,"column":4},"end":{"line":141,"column":null}},"31":{"start":{"line":140,"column":6},"end":{"line":140,"column":20}},"32":{"start":{"line":143,"column":4},"end":{"line":145,"column":null}},"33":{"start":{"line":144,"column":6},"end":{"line":144,"column":30}},"34":{"start":{"line":147,"column":4},"end":{"line":149,"column":null}},"35":{"start":{"line":148,"column":6},"end":{"line":148,"column":27}},"36":{"start":{"line":151,"column":4},"end":{"line":151,"column":18}},"37":{"start":{"line":18,"column":0},"end":{"line":18,"column":13}}},"fnMap":{"0":{"name":"(anonymous_0)","decl":{"start":{"line":28,"column":9},"end":{"line":28,"column":15}},"loc":{"start":{"line":30,"column":29},"end":{"line":35,"column":null}}},"1":{"name":"(anonymous_2)","decl":{"start":{"line":43,"column":2},"end":{"line":43,"column":null}},"loc":{"start":{"line":45,"column":29},"end":{"line":48,"column":3}}},"2":{"name":"(anonymous_3)","decl":{"start":{"line":56,"column":15},"end":{"line":56,"column":20}},"loc":{"start":{"line":58,"column":29},"end":{"line":71,"column":null}}},"3":{"name":"(anonymous_5)","decl":{"start":{"line":78,"column":15},"end":{"line":78,"column":19}},"loc":{"start":{"line":78,"column":35},"end":{"line":131,"column":null}}},"4":{"name":"(anonymous_7)","decl":{"start":{"line":109,"column":51},"end":{"line":109,"column":52}},"loc":{"start":{"line":109,"column":75},"end":{"line":128,"column":5}}},"5":{"name":"(anonymous_8)","decl":{"start":{"line":112,"column":41},"end":{"line":112,"column":45}},"loc":{"start":{"line":112,"column":50},"end":{"line":115,"column":12}}},"6":{"name":"(anonymous_9)","decl":{"start":{"line":138,"column":10},"end":{"line":138,"column":32}},"loc":{"start":{"line":138,"column":58},"end":{"line":152,"column":3}}}},"branchMap":{"0":{"loc":{"start":{"line":70,"column":28},"end":{"line":70,"column":54}},"type":"cond-expr","locations":[{"start":{"line":70,"column":34},"end":{"line":70,"column":36}},{"start":{"line":70,"column":28},"end":{"line":70,"column":54}}]},"1":{"loc":{"start":{"line":70,"column":28},"end":{"line":70,"column":36}},"type":"binary-expr","locations":[{"start":{"line":70,"column":28},"end":{"line":70,"column":36}},{"start":{"line":70,"column":28},"end":{"line":70,"column":36}}]},"2":{"loc":{"start":{"line":89,"column":4},"end":{"line":91,"column":null}},"type":"if","locations":[{"start":{"line":89,"column":4},"end":{"line":91,"column":null}}]},"3":{"loc":{"start":{"line":93,"column":4},"end":{"line":95,"column":null}},"type":"if","locations":[{"start":{"line":93,"column":4},"end":{"line":95,"column":null}}]},"4":{"loc":{"start":{"line":100,"column":4},"end":{"line":102,"column":null}},"type":"if","locations":[{"start":{"line":100,"column":4},"end":{"line":102,"column":null}}]},"5":{"loc":{"start":{"line":104,"column":4},"end":{"line":106,"column":null}},"type":"if","locations":[{"start":{"line":104,"column":4},"end":{"line":106,"column":null}}]},"6":{"loc":{"start":{"line":111,"column":51},"end":{"line":116,"column":12}},"type":"cond-expr","locations":[{"start":{"line":112,"column":10},"end":{"line":115,"column":13}},{"start":{"line":116,"column":10},"end":{"line":116,"column":12}}]},"7":{"loc":{"start":{"line":139,"column":4},"end":{"line":141,"column":null}},"type":"if","locations":[{"start":{"line":139,"column":4},"end":{"line":141,"column":null}}]},"8":{"loc":{"start":{"line":143,"column":4},"end":{"line":145,"column":null}},"type":"if","locations":[{"start":{"line":143,"column":4},"end":{"line":145,"column":null}}]},"9":{"loc":{"start":{"line":143,"column":8},"end":{"line":143,"column":55}},"type":"binary-expr","locations":[{"start":{"line":143,"column":8},"end":{"line":143,"column":24}},{"start":{"line":143,"column":28},"end":{"line":143,"column":55}}]},"10":{"loc":{"start":{"line":147,"column":4},"end":{"line":149,"column":null}},"type":"if","locations":[{"start":{"line":147,"column":4},"end":{"line":149,"column":null}}]}},"s":{"0":3,"1":3,"2":3,"3":3,"4":1,"5":1,"6":1,"7":7,"8":4,"9":4,"10":4,"11":4,"12":4,"13":8,"14":8,"15":8,"16":8,"17":0,"18":8,"19":0,"20":8,"21":8,"22":0,"23":8,"24":0,"25":8,"26":54,"27":0,"28":54,"29":8,"30":4,"31":3,"32":1,"33":1,"34":0,"35":0,"36":0,"37":3},"f":{"0":1,"1":7,"2":4,"3":8,"4":54,"5":0,"6":4},"b":{"0":[3,1],"1":[4,4],"2":[0],"3":[0],"4":[0],"5":[0],"6":[0,54],"7":[3],"8":[1],"9":[1,1],"10":[0]}}
,"/Users/vishnumishra/Documents/projects/poc/youtube-transcript/src/errors/index.ts": {"path":"/Users/vishnumishra/Documents/projects/poc/youtube-transcript/src/errors/index.ts","statementMap":{"0":{"start":{"line":6,"column":4},"end":{"line":6,"column":47}},"1":{"start":{"line":7,"column":4},"end":{"line":7,"column":41}},"2":{"start":{"line":4,"column":0},"end":{"line":4,"column":13}},"3":{"start":{"line":16,"column":4},"end":{"line":18,"column":6}},"4":{"start":{"line":19,"column":4},"end":{"line":19,"column":55}},"5":{"start":{"line":14,"column":0},"end":{"line":14,"column":13}},"6":{"start":{"line":28,"column":4},"end":{"line":28,"column":59}},"7":{"start":{"line":29,"column":4},"end":{"line":29,"column":57}},"8":{"start":{"line":26,"column":0},"end":{"line":26,"column":13}},"9":{"start":{"line":38,"column":4},"end":{"line":38,"column":63}},"10":{"start":{"line":39,"column":4},"end":{"line":39,"column":49}},"11":{"start":{"line":36,"column":0},"end":{"line":36,"column":13}},"12":{"start":{"line":48,"column":4},"end":{"line":48,"column":70}},"13":{"start":{"line":49,"column":4},"end":{"line":49,"column":53}},"14":{"start":{"line":46,"column":0},"end":{"line":46,"column":13}},"15":{"start":{"line":58,"column":4},"end":{"line":62,"column":6}},"16":{"start":{"line":63,"column":4},"end":{"line":63,"column":61}},"17":{"start":{"line":56,"column":0},"end":{"line":56,"column":13}},"18":{"start":{"line":72,"column":4},"end":{"line":72,"column":19}},"19":{"start":{"line":73,"column":4},"end":{"line":73,"column":52}},"20":{"start":{"line":70,"column":0},"end":{"line":70,"column":13}},"21":{"start":{"line":82,"column":4},"end":{"line":82,"column":48}},"22":{"start":{"line":83,"column":4},"end":{"line":83,"column":55}},"23":{"start":{"line":80,"column":0},"end":{"line":80,"column":13}},"24":{"start":{"line":92,"column":4},"end":{"line":92,"column":49}},"25":{"start":{"line":93,"column":4},"end":{"line":93,"column":50}},"26":{"start":{"line":90,"column":0},"end":{"line":90,"column":13}}},"fnMap":{"0":{"name":"(anonymous_0)","decl":{"start":{"line":5,"column":2},"end":{"line":5,"column":14}},"loc":{"start":{"line":5,"column":29},"end":{"line":8,"column":3}}},"1":{"name":"(anonymous_1)","decl":{"start":{"line":15,"column":2},"end":{"line":15,"column":null}},"loc":{"start":{"line":15,"column":2},"end":{"line":20,"column":3}}},"2":{"name":"(anonymous_2)","decl":{"start":{"line":27,"column":2},"end":{"line":27,"column":14}},"loc":{"start":{"line":27,"column":29},"end":{"line":30,"column":3}}},"3":{"name":"(anonymous_3)","decl":{"start":{"line":37,"column":2},"end":{"line":37,"column":14}},"loc":{"start":{"line":37,"column":29},"end":{"line":40,"column":3}}},"4":{"name":"(anonymous_4)","decl":{"start":{"line":47,"column":2},"end":{"line":47,"column":14}},"loc":{"start":{"line":47,"column":29},"end":{"line":50,"column":3}}},"5":{"name":"(anonymous_5)","decl":{"start":{"line":57,"column":2},"end":{"line":57,"column":14}},"loc":{"start":{"line":57,"column":69},"end":{"line":64,"column":3}}},"6":{"name":"(anonymous_6)","decl":{"start":{"line":71,"column":2},"end":{"line":71,"column":14}},"loc":{"start":{"line":71,"column":29},"end":{"line":74,"column":3}}},"7":{"name":"(anonymous_7)","decl":{"start":{"line":81,"column":2},"end":{"line":81,"column":null}},"loc":{"start":{"line":81,"column":2},"end":{"line":84,"column":3}}},"8":{"name":"(anonymous_8)","decl":{"start":{"line":91,"column":2},"end":{"line":91,"column":null}},"loc":{"start":{"line":91,"column":2},"end":{"line":94,"column":3}}}},"branchMap":{},"s":{"0":10,"1":10,"2":5,"3":1,"4":1,"5":5,"6":1,"7":1,"8":5,"9":1,"10":1,"11":5,"12":1,"13":1,"14":5,"15":1,"16":1,"17":5,"18":1,"19":1,"20":5,"21":1,"22":1,"23":5,"24":1,"25":1,"26":5},"f":{"0":10,"1":1,"2":1,"3":1,"4":1,"5":1,"6":1,"7":1,"8":1},"b":{}}
,"/Users/vishnumishra/Documents/projects/poc/youtube-transcript/src/formatters/index.ts": {"path":"/Users/vishnumishra/Documents/projects/poc/youtube-transcript/src/formatters/index.ts","statementMap":{"0":{"start":{"line":1,"column":0},"end":{"line":1,"column":28}},"1":{"start":{"line":2,"column":0},"end":{"line":2,"column":33}},"2":{"start":{"line":3,"column":0},"end":{"line":3,"column":33}},"3":{"start":{"line":4,"column":0},"end":{"line":4,"column":32}}},"fnMap":{},"branchMap":{},"s":{"0":0,"1":0,"2":0,"3":0},"f":{},"b":{}}
,"/Users/vishnumishra/Documents/projects/poc/youtube-transcript/src/formatters/json-formatter.ts": {"path":"/Users/vishnumishra/Documents/projects/poc/youtube-transcript/src/formatters/json-formatter.ts","statementMap":{"0":{"start":{"line":15,"column":4},"end":{"line":15,"column":73}},"1":{"start":{"line":25,"column":4},"end":{"line":35,"column":6}},"2":{"start":{"line":26,"column":37},"end":{"line":32,"column":8}},"3":{"start":{"line":7,"column":0},"end":{"line":7,"column":13}}},"fnMap":{"0":{"name":"(anonymous_0)","decl":{"start":{"line":14,"column":2},"end":{"line":14,"column":18}},"loc":{"start":{"line":14,"column":63},"end":{"line":16,"column":3}}},"1":{"name":"(anonymous_1)","decl":{"start":{"line":24,"column":2},"end":{"line":24,"column":19}},"loc":{"start":{"line":24,"column":67},"end":{"line":36,"column":3}}},"2":{"name":"(anonymous_2)","decl":{"start":{"line":26,"column":22},"end":{"line":26,"column":32}},"loc":{"start":{"line":26,"column":37},"end":{"line":32,"column":8}}}},"branchMap":{"0":{"loc":{"start":{"line":15,"column":56},"end":{"line":15,"column":71}},"type":"cond-expr","locations":[{"start":{"line":15,"column":63},"end":{"line":15,"column":65}},{"start":{"line":15,"column":56},"end":{"line":15,"column":71}}]},"1":{"loc":{"start":{"line":15,"column":56},"end":{"line":15,"column":65}},"type":"binary-expr","locations":[{"start":{"line":15,"column":56},"end":{"line":15,"column":65}},{"start":{"line":15,"column":56},"end":{"line":15,"column":65}}]},"2":{"loc":{"start":{"line":34,"column":6},"end":{"line":34,"column":21}},"type":"cond-expr","locations":[{"start":{"line":34,"column":13},"end":{"line":34,"column":15}},{"start":{"line":34,"column":6},"end":{"line":34,"column":21}}]},"3":{"loc":{"start":{"line":34,"column":6},"end":{"line":34,"column":15}},"type":"binary-expr","locations":[{"start":{"line":34,"column":6},"end":{"line":34,"column":15}},{"start":{"line":34,"column":6},"end":{"line":34,"column":15}}]}},"s":{"0":3,"1":1,"2":2,"3":3},"f":{"0":3,"1":1,"2":2},"b":{"0":[2,1],"1":[3,3],"2":[1,0],"3":[1,1]}}
,"/Users/vishnumishra/Documents/projects/poc/youtube-transcript/src/formatters/srt-formatter.ts": {"path":"/Users/vishnumishra/Documents/projects/poc/youtube-transcript/src/formatters/srt-formatter.ts","statementMap":{"0":{"start":{"line":14,"column":4},"end":{"line":21,"column":18}},"1":{"start":{"line":16,"column":26},"end":{"line":16,"column":56}},"2":{"start":{"line":17,"column":24},"end":{"line":17,"column":73}},"3":{"start":{"line":19,"column":8},"end":{"line":19,"column":78}},"4":{"start":{"line":30,"column":4},"end":{"line":34,"column":20}},"5":{"start":{"line":32,"column":8},"end":{"line":32,"column":113}},"6":{"start":{"line":43,"column":17},"end":{"line":43,"column":41}},"7":{"start":{"line":44,"column":18},"end":{"line":44,"column":64}},"8":{"start":{"line":45,"column":20},"end":{"line":45,"column":68}},"9":{"start":{"line":46,"column":17},"end":{"line":46,"column":65}},"10":{"start":{"line":47,"column":15},"end":{"line":47,"column":68}},"11":{"start":{"line":49,"column":4},"end":{"line":49,"column":47}},"12":{"start":{"line":7,"column":0},"end":{"line":7,"column":13}}},"fnMap":{"0":{"name":"(anonymous_0)","decl":{"start":{"line":13,"column":2},"end":{"line":13,"column":18}},"loc":{"start":{"line":13,"column":48},"end":{"line":22,"column":3}}},"1":{"name":"(anonymous_1)","decl":{"start":{"line":15,"column":11},"end":{"line":15,"column":12}},"loc":{"start":{"line":15,"column":30},"end":{"line":20,"column":7}}},"2":{"name":"(anonymous_2)","decl":{"start":{"line":29,"column":2},"end":{"line":29,"column":19}},"loc":{"start":{"line":29,"column":52},"end":{"line":35,"column":3}}},"3":{"name":"(anonymous_3)","decl":{"start":{"line":31,"column":11},"end":{"line":31,"column":21}},"loc":{"start":{"line":31,"column":24},"end":{"line":33,"column":7}}},"4":{"name":"(anonymous_4)","decl":{"start":{"line":42,"column":10},"end":{"line":42,"column":20}},"loc":{"start":{"line":42,"column":36},"end":{"line":50,"column":3}}}},"branchMap":{},"s":{"0":4,"1":68,"2":68,"3":68,"4":1,"5":2,"6":136,"7":136,"8":136,"9":136,"10":136,"11":136,"12":3},"f":{"0":4,"1":68,"2":1,"3":2,"4":136},"b":{}}
,"/Users/vishnumishra/Documents/projects/poc/youtube-transcript/src/formatters/text-formatter.ts": {"path":"/Users/vishnumishra/Documents/projects/poc/youtube-transcript/src/formatters/text-formatter.ts","statementMap":{"0":{"start":{"line":14,"column":4},"end":{"line":16,"column":17}},"1":{"start":{"line":15,"column":22},"end":{"line":15,"column":34}},"2":{"start":{"line":25,"column":4},"end":{"line":29,"column":20}},"3":{"start":{"line":27,"column":8},"end":{"line":27,"column":104}},"4":{"start":{"line":7,"column":0},"end":{"line":7,"column":13}}},"fnMap":{"0":{"name":"(anonymous_0)","decl":{"start":{"line":13,"column":2},"end":{"line":13,"column":18}},"loc":{"start":{"line":13,"column":48},"end":{"line":17,"column":3}}},"1":{"name":"(anonymous_1)","decl":{"start":{"line":15,"column":11},"end":{"line":15,"column":18}},"loc":{"start":{"line":15,"column":22},"end":{"line":15,"column":34}}},"2":{"name":"(anonymous_2)","decl":{"start":{"line":24,"column":2},"end":{"line":24,"column":19}},"loc":{"start":{"line":24,"column":52},"end":{"line":30,"column":3}}},"3":{"name":"(anonymous_3)","decl":{"start":{"line":26,"column":11},"end":{"line":26,"column":21}},"loc":{"start":{"line":26,"column":24},"end":{"line":28,"column":7}}}},"branchMap":{},"s":{"0":4,"1":68,"2":1,"3":2,"4":3},"f":{"0":4,"1":68,"2":1,"3":2},"b":{}}
,"/Users/vishnumishra/Documents/projects/poc/youtube-transcript/src/models/transcript.ts": {"path":"/Users/vishnumishra/Documents/projects/poc/youtube-transcript/src/models/transcript.ts","statementMap":{"0":{"start":{"line":2,"column":0},"end":{"line":2,"column":null}},"1":{"start":{"line":7,"column":0},"end":{"line":7,"column":47}},"2":{"start":{"line":23,"column":20},"end":{"line":23,"column":49}},"3":{"start":{"line":24,"column":20},"end":{"line":24,"column":35}},"4":{"start":{"line":25,"column":20},"end":{"line":25,"column":36}},"5":{"start":{"line":26,"column":20},"end":{"line":26,"column":40}},"6":{"start":{"line":27,"column":20},"end":{"line":27,"column":40}},"7":{"start":{"line":34,"column":4},"end":{"line":40,"column":8}},"8":{"start":{"line":34,"column":41},"end":{"line":40,"column":6}},"9":{"start":{"line":47,"column":4},"end":{"line":47,"column":64}},"10":{"start":{"line":47,"column":40},"end":{"line":47,"column":52}},"11":{"start":{"line":54,"column":16},"end":{"line":54,"column":17}},"12":{"start":{"line":55,"column":21},"end":{"line":55,"column":34}},"13":{"start":{"line":57,"column":4},"end":{"line":65,"column":6}},"14":{"start":{"line":59,"column":8},"end":{"line":63,"column":null}},"15":{"start":{"line":60,"column":10},"end":{"line":60,"column":59}},"16":{"start":{"line":62,"column":10},"end":{"line":62,"column":50}},"17":{"start":{"line":72,"column":4},"end":{"line":72,"column":32}},"18":{"start":{"line":12,"column":0},"end":{"line":12,"column":13}},"19":{"start":{"line":93,"column":20},"end":{"line":93,"column":35}},"20":{"start":{"line":94,"column":20},"end":{"line":94,"column":36}},"21":{"start":{"line":95,"column":20},"end":{"line":95,"column":40}},"22":{"start":{"line":96,"column":20},"end":{"line":96,"column":40}},"23":{"start":{"line":97,"column":20},"end":{"line":97,"column":43}},"24":{"start":{"line":98,"column":20},"end":{"line":98,"column":56}},"25":{"start":{"line":99,"column":21},"end":{"line":99,"column":36}},"26":{"start":{"line":100,"column":21},"end":{"line":100,"column":39}},"27":{"start":{"line":109,"column":31},"end":{"line":114,"column":6}},"28":{"start":{"line":116,"column":4},"end":{"line":118,"column":null}},"29":{"start":{"line":117,"column":6},"end":{"line":117,"column":65}},"30":{"start":{"line":120,"column":27},"end":{"line":120,"column":58}},"31":{"start":{"line":121,"column":20},"end":{"line":121,"column":77}},"32":{"start":{"line":123,"column":21},"end":{"line":127,"column":7}},"33":{"start":{"line":123,"column":46},"end":{"line":127,"column":6}},"34":{"start":{"line":129,"column":4},"end":{"line":135,"column":6}},"35":{"start":{"line":144,"column":4},"end":{"line":146,"column":null}},"36":{"start":{"line":145,"column":6},"end":{"line":145,"column":90}},"37":{"start":{"line":148,"column":4},"end":{"line":154,"column":null}},"38":{"start":{"line":148,"column":48},"end":{"line":148,"column":82}},"39":{"start":{"line":149,"column":6},"end":{"line":153,"column":8}},"40":{"start":{"line":151,"column":48},"end":{"line":151,"column":65}},"41":{"start":{"line":157,"column":27},"end":{"line":157,"column":66}},"42":{"start":{"line":160,"column":25},"end":{"line":162,"column":35}},"43":{"start":{"line":161,"column":14},"end":{"line":161,"column":48}},"44":{"start":{"line":164,"column":4},"end":{"line":173,"column":6}},"45":{"start":{"line":79,"column":0},"end":{"line":79,"column":13}},"46":{"start":{"line":188,"column":12},"end":{"line":188,"column":37}},"47":{"start":{"line":189,"column":12},"end":{"line":189,"column":27}},"48":{"start":{"line":198,"column":4},"end":{"line":203,"column":null}},"49":{"start":{"line":199,"column":25},"end":{"line":199,"column":84}},"50":{"start":{"line":199,"column":52},"end":{"line":199,"column":83}},"51":{"start":{"line":200,"column":6},"end":{"line":202,"column":null}},"52":{"start":{"line":201,"column":8},"end":{"line":201,"column":26}},"53":{"start":{"line":205,"column":4},"end":{"line":208,"column":6}},"54":{"start":{"line":207,"column":56},"end":{"line":207,"column":70}},"55":{"start":{"line":217,"column":4},"end":{"line":224,"column":null}},"56":{"start":{"line":218,"column":25},"end":{"line":219,"column":null}},"57":{"start":{"line":219,"column":13},"end":{"line":219,"column":62}},"58":{"start":{"line":221,"column":6},"end":{"line":223,"column":null}},"59":{"start":{"line":222,"column":8},"end":{"line":222,"column":26}},"60":{"start":{"line":226,"column":31},"end":{"line":228,"column":31}},"61":{"start":{"line":227,"column":19},"end":{"line":227,"column":33}},"62":{"start":{"line":228,"column":16},"end":{"line":228,"column":30}},"63":{"start":{"line":230,"column":4},"end":{"line":233,"column":6}},"64":{"start":{"line":242,"column":4},"end":{"line":249,"column":null}},"65":{"start":{"line":243,"column":25},"end":{"line":244,"column":null}},"66":{"start":{"line":244,"column":13},"end":{"line":244,"column":61}},"67":{"start":{"line":246,"column":6},"end":{"line":248,"column":null}},"68":{"start":{"line":247,"column":8},"end":{"line":247,"column":26}},"69":{"start":{"line":251,"column":31},"end":{"line":253,"column":31}},"70":{"start":{"line":252,"column":19},"end":{"line":252,"column":32}},"71":{"start":{"line":253,"column":16},"end":{"line":253,"column":30}},"72":{"start":{"line":255,"column":4},"end":{"line":258,"column":6}},"73":{"start":{"line":265,"column":4},"end":{"line":265,"column":33}},"74":{"start":{"line":272,"column":16},"end":{"line":272,"column":17}},"75":{"start":{"line":273,"column":24},"end":{"line":273,"column":40}},"76":{"start":{"line":275,"column":4},"end":{"line":283,"column":6}},"77":{"start":{"line":277,"column":8},"end":{"line":281,"column":null}},"78":{"start":{"line":278,"column":10},"end":{"line":278,"column":62}},"79":{"start":{"line":280,"column":10},"end":{"line":280,"column":50}},"80":{"start":{"line":180,"column":0},"end":{"line":180,"column":13}}},"fnMap":{"0":{"name":"(anonymous_0)","decl":{"start":{"line":22,"column":2},"end":{"line":22,"column":null}},"loc":{"start":{"line":27,"column":40},"end":{"line":28,"column":6}}},"1":{"name":"(anonymous_1)","decl":{"start":{"line":33,"column":9},"end":{"line":33,"column":18}},"loc":{"start":{"line":33,"column":18},"end":{"line":41,"column":3}}},"2":{"name":"(anonymous_2)","decl":{"start":{"line":34,"column":29},"end":{"line":34,"column":36}},"loc":{"start":{"line":34,"column":41},"end":{"line":40,"column":6}}},"3":{"name":"(anonymous_3)","decl":{"start":{"line":46,"column":9},"end":{"line":46,"column":16}},"loc":{"start":{"line":46,"column":16},"end":{"line":48,"column":3}}},"4":{"name":"(anonymous_4)","decl":{"start":{"line":47,"column":29},"end":{"line":47,"column":36}},"loc":{"start":{"line":47,"column":40},"end":{"line":47,"column":52}}},"5":{"name":"(anonymous_5)","decl":{"start":{"line":53,"column":2},"end":{"line":53,"column":3}},"loc":{"start":{"line":53,"column":19},"end":{"line":66,"column":3}}},"6":{"name":"(anonymous_6)","decl":{"start":{"line":58,"column":12},"end":{"line":58,"column":15}},"loc":{"start":{"line":58,"column":17},"end":{"line":64,"column":7}}},"7":{"name":"(anonymous_7)","decl":{"start":{"line":71,"column":2},"end":{"line":71,"column":6}},"loc":{"start":{"line":71,"column":12},"end":{"line":73,"column":3}}},"8":{"name":"(anonymous_8)","decl":{"start":{"line":92,"column":2},"end":{"line":92,"column":null}},"loc":{"start":{"line":100,"column":43},"end":{"line":101,"column":6}}},"9":{"name":"(anonymous_9)","decl":{"start":{"line":108,"column":15},"end":{"line":108,"column":20}},"loc":{"start":{"line":108,"column":56},"end":{"line":136,"column":null}}},"10":{"name":"(anonymous_11)","decl":{"start":{"line":123,"column":33},"end":{"line":123,"column":34}},"loc":{"start":{"line":123,"column":46},"end":{"line":127,"column":6}}},"11":{"name":"(anonymous_12)","decl":{"start":{"line":143,"column":9},"end":{"line":143,"column":18}},"loc":{"start":{"line":143,"column":39},"end":{"line":174,"column":3}}},"12":{"name":"(anonymous_13)","decl":{"start":{"line":148,"column":40},"end":{"line":148,"column":44}},"loc":{"start":{"line":148,"column":48},"end":{"line":148,"column":82}}},"13":{"name":"(anonymous_14)","decl":{"start":{"line":151,"column":40},"end":{"line":151,"column":44}},"loc":{"start":{"line":151,"column":48},"end":{"line":151,"column":65}}},"14":{"name":"(anonymous_15)","decl":{"start":{"line":161,"column":6},"end":{"line":161,"column":10}},"loc":{"start":{"line":161,"column":14},"end":{"line":161,"column":48}}},"15":{"name":"(anonymous_16)","decl":{"start":{"line":187,"column":2},"end":{"line":187,"colu
[...]
189,"column":27},"end":{"line":190,"column":6}}},"16":{"name":"(anonymous_17)","decl":{"start":{"line":197,"column":9},"end":{"line":197,"column":23}},"loc":{"start":{"line":197,"column":47},"end":{"line":209,"column":3}}},"17":{"name":"(anonymous_18)","decl":{"start":{"line":199,"column":47},"end":{"line":199,"column":48}},"loc":{"start":{"line":199,"column":52},"end":{"line":199,"column":83}}},"18":{"name":"(anonymous_19)","decl":{"start":{"line":207,"column":51},"end":{"line":207,"column":52}},"loc":{"start":{"line":207,"column":56},"end":{"line":207,"column":70}}},"19":{"name":"(anonymous_20)","decl":{"start":{"line":216,"column":9},"end":{"line":216,"column":38}},"loc":{"start":{"line":216,"column":62},"end":{"line":234,"column":3}}},"20":{"name":"(anonymous_21)","decl":{"start":{"line":219,"column":8},"end":{"line":219,"column":9}},"loc":{"start":{"line":219,"column":13},"end":{"line":219,"column":62}}},"21":{"name":"(anonymous_22)","decl":{"start":{"line":227,"column":14},"end":{"line":227,"column":15}},"loc":{"start":{"line":227,"column":19},"end":{"line":227,"column":33}}},"22":{"name":"(anonymous_23)","decl":{"start":{"line":228,"column":11},"end":{"line":228,"column":12}},"loc":{"start":{"line":228,"column":16},"end":{"line":228,"column":30}}},"23":{"name":"(anonymous_24)","decl":{"start":{"line":241,"column":9},"end":{"line":241,"column":32}},"loc":{"start":{"line":241,"column":56},"end":{"line":259,"column":3}}},"24":{"name":"(anonymous_25)","decl":{"start":{"line":244,"column":8},"end":{"line":244,"column":9}},"loc":{"start":{"line":244,"column":13},"end":{"line":244,"column":61}}},"25":{"name":"(anonymous_26)","decl":{"start":{"line":252,"column":14},"end":{"line":252,"column":15}},"loc":{"start":{"line":252,"column":19},"end":{"line":252,"column":32}}},"26":{"name":"(anonymous_27)","decl":{"start":{"line":253,"column":11},"end":{"line":253,"column":12}},"loc":{"start":{"line":253,"column":16},"end":{"line":253,"column":30}}},"27":{"name":"(anonymous_28)","decl":{"start":{"line":264,"column":9},"end":{"line":264,"column":23}},"loc":{"start":{"line":264,"column":23},"end":{"line":266,"column":3}}},"28":{"name":"(anonymous_29)","decl":{"start":{"line":271,"column":2},"end":{"line":271,"column":3}},"loc":{"start":{"line":271,"column":19},"end":{"line":284,"column":3}}},"29":{"name":"(anonymous_30)","decl":{"start":{"line":276,"column":12},"end":{"line":276,"column":15}},"loc":{"start":{"line":276,"column":17},"end":{"line":282,"column":7}}}},"branchMap":{"0":{"loc":{"start":{"line":59,"column":8},"end":{"line":63,"column":null}},"type":"if","locations":[{"start":{"line":59,"column":8},"end":{"line":63,"column":null}},{"start":{"line":61,"column":15},"end":{"line":63,"column":null}}]},"1":{"loc":{"start":{"line":100,"column":21},"end":{"line":100,"column":43}},"type":"default-arg","locations":[{"start":{"line":100,"column":39},"end":{"line":100,"column":43}}]},"2":{"loc":{"start":{"line":108,"column":21},"end":{"line":108,"column":56}},"type":"default-arg","locations":[{"start":{"line":108,"column":51},"end":{"line":108,"column":56}}]},"3":{"loc":{"start":{"line":116,"column":4},"end":{"line":118,"column":null}},"type":"if","locations":[{"start":{"line":116,"column":4},"end":{"line":118,"column":null}}]},"4":{"loc":{"start":{"line":124,"column":12},"end":{"line":124,"column":78}},"type":"cond-expr","locations":[{"start":{"line":124,"column":33},"end":{"line":124,"column":42}},{"start":{"line":124,"column":45},"end":{"line":124,"column":78}}]},"5":{"loc":{"start":{"line":144,"column":4},"end":{"line":146,"column":null}},"type":"if","locations":[{"start":{"line":144,"column":4},"end":{"line":146,"column":null}}]},"6":{"loc":{"start":{"line":148,"column":4},"end":{"line":154,"column":null}},"type":"if","locations":[{"start":{"line":148,"column":4},"end":{"line":154,"column":null}}]},"7":{"loc":{"start":{"line":160,"column":25},"end":{"line":162,"column":35}},"type":"binary-expr","locations":[{"start":{"line":160,"column":25},"end":{"line":162,"column":19}},{"start":{"line":162,"column":23},"end":{"line":162,"column":35}}]},"8":{"loc":{"start":{"line":160,"column":25},"end":{"line":162,"column":19}},"type":"cond-expr","locations":[{"start":{"line":162,"column":5},"end":{"line":162,"column":7}},{"start":{"line":162,"column":5},"end":{"line":162,"column":19}}]},"9":{"loc":{"start":{"line":160,"column":25},"end":{"line":162,"column":7}},"type":"binary-expr","locations":[{"start":{"line":160,"column":25},"end":{"line":162,"column":7}},{"start":{"line":162,"column":5},"end":{"line":162,"column":7}}]},"10":{"loc":{"start":{"line":200,"column":6},"end":{"line":202,"column":null}},"type":"if","locations":[{"start":{"line":200,"column":6},"end":{"line":202,"column":null}}]},"11":{"loc":{"start":{"line":219,"column":13},"end":{"line":219,"column":62}},"type":"binary-expr","locations":[{"start":{"line":219,"column":13},"end":{"line":219,"column":44}},{"start":{"line":219,"column":48},"end":{"line":219,"column":62}}]},"12":{"loc":{"start":{"line":221,"column":6},"end":{"line":223,"column":null}},"type":"if","locations":[{"start":{"line":221,"column":6},"end":{"line":223,"column":null}}]},"13":{"loc":{"start":{"line":232,"column":30},"end":{"line":232,"column":69}},"type":"binary-expr","locations":[{"start":{"line":232,"column":30},"end":{"line":232,"column":59}},{"start":{"line":232,"column":63},"end":{"line":232,"column":69}}]},"14":{"loc":{"start":{"line":244,"column":13},"end":{"line":244,"column":61}},"type":"binary-expr","locations":[{"start":{"line":244,"column":13},"end":{"line":244,"column":44}},{"start":{"line":244,"column":48},"end":{"line":244,"column":61}}]},"15":{"loc":{"start":{"line":246,"column":6},"end":{"line":248,"column":null}},"type":"if","locations":[{"start":{"line":246,"column":6},"end":{"line":248,"column":null}}]},"16":{"loc":{"start":{"line":257,"column":30},"end":{"line":257,"column":69}},"type":"binary-expr","locations":[{"start":{"line":257,"column":30},"end":{"line":257,"column":59}},{"start":{"line":257,"column":63},"end":{"line":257,"column":69}}]},"17":{"loc":{"start":{"line":277,"column":8},"end":{"line":281,"column":null}},"type":"if","locations":[{"start":{"line":277,"column":8},"end":{"line":281,"column":null}},{"start":{"line":279,"column":15},"end":{"line":281,"column":null}}]}},"s":{"0":3,"1":3,"2":4,"3":4,"4":4,"5":4,"6":4,"7":2,"8":118,"9":0,"10":0,"11":0,"12":0,"13":0,"14":0,"15":0,"16":0,"17":0,"18":3,"19":54,"20":54,"21":54,"22":54,"23":54,"24":54,"25":54,"26":54,"27":4,"28":4,"29":0,"30":4,"31":4,"32":4,"33":236,"34":4,"35":0,"36":0,"37":0,"38":0,"39":0,"40":0,"41":0,"42":0,"43":0,"44":0,"45":3,"46":8,"47":8,"48":4,"49":5,"50":5,"51":5,"52":4,"53":0,"54":0,"55":0,"56":0,"57":0,"58":0,"59":0,"60":0,"61":0,"62":0,"63":0,"64":0,"65":0,"66":0,"67":0,"68":0,"69":0,"70":0,"71":0,"72":0,"73":1,"74":3,"75":3,"76":3,"77":43,"78":41,"79":2,"80":3},"f":{"0":4,"1":2,"2":118,"3":0,"4":0,"5":0,"6":0,"7":0,"8":54,"9":4,"10":236,"11":0,"12":0,"13":0,"14":0,"15":8,"16":4,"17":5,"18":0,"19":0,"20":0,"21":0,"22":0,"23":0,"24":0,"25":0,"26":0,"27":1,"28":3,"29":43},"b":{"0":[0,0],"1":[0],"2":[4],"3":[0],"4":[0,236],"5":[0],"6":[0],"7":[0,0],"8":[0,0],"9":[0,0],"10":[4],"11":[0,0],"12":[0],"13":[0,0],"14":[0,0],"15":[0],"16":[0,0],"17":[41,2]}}
,"/Users/vishnumishra/Documents/projects/poc/youtube-transcript/src/proxies/index.ts": {"path":"/Users/vishnumishra/Documents/projects/poc/youtube-transcript/src/proxies/index.ts","statementMap":{"0":{"start":{"line":1,"column":0},"end":{"line":1,"column":31}},"1":{"start":{"line":2,"column":0},"end":{"line":2,"column":33}}},"fnMap":{},"branchMap":{},"s":{"0":0,"1":0},"f":{},"b":{}}
,"/Users/vishnumishra/Documents/projects/poc/youtube-transcript/src/proxies/proxy-config.ts": {"path":"/Users/vishnumishra/Documents/projects/poc/youtube-transcript/src/proxies/proxy-config.ts","statementMap":{"0":{"start":{"line":27,"column":21},"end":{"line":27,"column":37}},"1":{"start":{"line":28,"column":21},"end":{"line":28,"column":38}},"2":{"start":{"line":35,"column":4},"end":{"line":35,"column":24}},"3":{"start":{"line":42,"column":4},"end":{"line":42,"column":25}},"4":{"start":{"line":19,"column":0},"end":{"line":19,"column":13}}},"fnMap":{"0":{"name":"(anonymous_0)","decl":{"start":{"line":26,"column":2},"end":{"line":26,"column":null}},"loc":{"start":{"line":28,"column":38},"end":{"line":29,"column":6}}},"1":{"name":"(anonymous_1)","decl":{"start":{"line":34,"column":2},"end":{"line":34,"column":17}},"loc":{"start":{"line":34,"column":17},"end":{"line":36,"column":3}}},"2":{"name":"(anonymous_2)","decl":{"start":{"line":41,"column":2},"end":{"line":41,"column":18}},"loc":{"start":{"line":41,"column":18},"end":{"line":43,"column":3}}}},"branchMap":{},"s":{"0":3,"1":3,"2":3,"3":3,"4":3},"f":{"0":3,"1":3,"2":3},"b":{}}
,"/Users/vishnumishra/Documents/projects/poc/youtube-transcript/src/proxies/webshare-proxy.ts": {"path":"/Users/vishnumishra/Documents/projects/poc/youtube-transcript/src/proxies/webshare-proxy.ts","statementMap":{"0":{"start":{"line":18,"column":21},"end":{"line":18,"column":42}},"1":{"start":{"line":19,"column":21},"end":{"line":19,"column":42}},"2":{"start":{"line":26,"column":4},"end":{"line":26,"column":150}},"3":{"start":{"line":33,"column":4},"end":{"line":33,"column":156}},"4":{"start":{"line":6,"column":0},"end":{"line":6,"column":13}},"5":{"start":{"line":7,"column":26},"end":{"line":7,"column":64}},"6":{"start":{"line":8,"column":26},"end":{"line":8,"column":53}},"7":{"start":{"line":9,"column":26},"end":{"line":9,"column":60}}},"fnMap":{"0":{"name":"(anonymous_0)","decl":{"start":{"line":17,"column":2},"end":{"line":17,"column":null}},"loc":{"start":{"line":19,"column":42},"end":{"line":20,"column":6}}},"1":{"name":"(anonymous_1)","decl":{"start":{"line":25,"column":2},"end":{"line":25,"column":17}},"loc":{"start":{"line":25,"column":17},"end":{"line":27,"column":3}}},"2":{"name":"(anonymous_2)","decl":{"start":{"line":32,"column":2},"end":{"line":32,"column":18}},"loc":{"start":{"line":32,"column":18},"end":{"line":34,"column":3}}}},"branchMap":{},"s":{"0":1,"1":1,"2":1,"3":1,"4":3,"5":3,"6":3,"7":3},"f":{"0":1,"1":1,"2":1},"b":{}}
,"/Users/vishnumishra/Documents/projects/poc/youtube-transcript/src/utils/constants.ts": {"path":"/Users/vishnumishra/Documents/projects/poc/youtube-transcript/src/utils/constants.ts","statementMap":{"0":{"start":{"line":4,"column":0},"end":{"line":4,"column":13}},"1":{"start":{"line":8,"column":25},"end":{"line":9,"column":98}},"2":{"start":{"line":14,"column":25},"end":{"line":15,"column":137}},"3":{"start":{"line":20,"column":25},"end":{"line":21,"column":59}}},"fnMap":{},"branchMap":{},"s":{"0":4,"1":4,"2":4,"3":4},"f":{},"b":{}}
,"/Users/vishnumishra/Documents/projects/poc/youtube-transcript/src/utils/helpers.ts": {"path":"/Users/vishnumishra/Documents/projects/poc/youtube-transcript/src/utils/helpers.ts","statementMap":{"0":{"start":{"line":1,"column":0},"end":{"line":1,"column":40}},"1":{"start":{"line":2,"column":0},"end":{"line":2,"column":51}},"2":{"start":{"line":16,"column":4},"end":{"line":18,"column":null}},"3":{"start":{"line":17,"column":6},"end":{"line":17,"column":21}},"4":{"start":{"line":21,"column":20},"end":{"line":21,"column":55}},"5":{"start":{"line":22,"column":4},"end":{"line":24,"column":null}},"6":{"start":{"line":23,"column":6},"end":{"line":23,"column":24}},"7":{"start":{"line":26,"column":4},"end":{"line":26,"column":81}},"8":{"start":{"line":36,"column":25},"end":{"line":36,"column":50}},"9":{"start":{"line":38,"column":4},"end":{"line":40,"column":null}},"10":{"start":{"line":39,"column":6},"end":{"line":39,"column":23}},"11":{"start":{"line":42,"column":4},"end":{"line":48,"column":null}},"12":{"start":{"line":43,"column":27},"end":{"line":43,"column":87}},"13":{"start":{"line":44,"column":25},"end":{"line":44,"column":49}},"14":{"start":{"line":45,"column":6},"end":{"line":45,"column":57}},"15":{"start":{"line":47,"column":6},"end":{"line":47,"column":23}},"16":{"start":{"line":58,"column":4},"end":{"line":58,"column":48}},"17":{"start":{"line":68,"column":4},"end":{"line":68,"column":49}},"18":{"start":{"line":7,"column":0},"end":{"line":7,"column":13}}},"fnMap":{"0":{"name":"(anonymous_0)","decl":{"start":{"line":14,"column":9},"end":{"line":14,"column":15}},"loc":{"start":{"line":14,"column":46},"end":{"line":27,"column":3}}},"1":{"name":"(anonymous_1)","decl":{"start":{"line":35,"column":9},"end":{"line":35,"column":15}},"loc":{"start":{"line":35,"column":50},"end":{"line":49,"column":3}}},"2":{"name":"(anonymous_2)","decl":{"start":{"line":57,"column":9},"end":{"line":57,"column":15}},"loc":{"start":{"line":57,"column":48},"end":{"line":59,"column":3}}},"3":{"name":"(anonymous_3)","decl":{"start":{"line":67,"column":9},"end":{"line":67,"column":15}},"loc":{"start":{"line":67,"column":45},"end":{"line":69,"column":3}}}},"branchMap":{"0":{"loc":{"start":{"line":16,"column":4},"end":{"line":18,"column":null}},"type":"if","locations":[{"start":{"line":16,"column":4},"end":{"line":18,"column":null}}]},"1":{"loc":{"start":{"line":22,"column":4},"end":{"line":24,"column":null}},"type":"if","locations":[{"start":{"line":22,"column":4},"end":{"line":24,"column":null}}]},"2":{"loc":{"start":{"line":22,"column":8},"end":{"line":22,"column":37}},"type":"binary-expr","locations":[{"start":{"line":22,"column":8},"end":{"line":22,"column":15}},{"start":{"line":22,"column":19},"end":{"line":22,"column":37}}]},"3":{"loc":{"start":{"line":38,"column":4},"end":{"line":40,"column":null}},"type":"if","locations":[{"start":{"line":38,"column":4},"end":{"line":40,"column":null}}]},"4":{"loc":{"start":{"line":45,"column":13},"end":{"line":45,"column":56}},"type":"cond-expr","locations":[{"start":{"line":45,"column":23},"end":{"line":45,"column":25}},{"start":{"line":45,"column":13},"end":{"line":45,"column":56}}]},"5":{"loc":{"start":{"line":45,"column":13},"end":{"line":45,"column":25}},"type":"binary-expr","locations":[{"start":{"line":45,"column":13},"end":{"line":45,"column":25}},{"start":{"line":45,"column":13},"end":{"line":45,"column":25}}]}},"s":{"0":4,"1":4,"2":19,"3":13,"4":6,"5":6,"6":5,"7":1,"8":11,"9":11,"10":1,"11":10,"12":10,"13":10,"14":9,"15":1,"16":10,"17":10,"18":4},"f":{"0":19,"1":11,"2":10,"3":10},"b":{"0":[13],"1":[5],"2":[6,5],"3":[1],"4":[0,9],"5":[9,9]}}
,"/Users/vishnumishra/Documents/projects/poc/youtube-transcript/src/utils/http-client.ts": {"path":"/Users/vishnumishra/Documents/projects/poc/youtube-transcript/src/utils/http-client.ts","statementMap":{"0":{"start":{"line":1,"column":0},"end":{"line":1,"column":40}},"1":{"start":{"line":3,"column":0},"end":{"line":3,"column":25}},"2":{"start":{"line":18,"column":21},"end":{"line":18,"column":40}},"3":{"start":{"line":19,"column":21},"end":{"line":19,"column":46}},"4":{"start":{"line":21,"column":4},"end":{"line":23,"column":null}},"5":{"start":{"line":22,"column":6},"end":{"line":22,"column":35}},"6":{"start":{"line":32,"column":4},"end":{"line":68,"column":null}},"7":{"start":{"line":33,"column":6},"end":{"line":65,"column":null}},"8":{"start":{"line":34,"column":30},"end":{"line":34,"column":66}},"9":{"start":{"line":35,"column":34},"end":{"line":35,"column":36}},"10":{"start":{"line":38,"column":22},"end":{"line":38,"column":47}},"11":{"start":{"line":39,"column":8},"end":{"line":60,"column":null}},"12":{"start":{"line":41,"column":10},"end":{"line":43,"column":null}},"13":{"start":{"line":42,"column":12},"end":{"line":42,"column":21}},"14":{"start":{"line":45,"column":24},"end":{"line":45,"column":40}},"15":{"start":{"line":46,"column":10},"end":{"line":59,"column":null}},"16":{"start":{"line":47,"column":27},"end":{"line":47,"column":35}},"17":{"start":{"line":50,"column":31},"end":{"line":50,"column":53}},"18":{"start":{"line":51,"column":25},"end":{"line":51,"column":33}},"19":{"start":{"line":52,"column":26},"end":{"line":52,"column":34}},"20":{"start":{"line":55,"column":12},"end":{"line":58,"column":null}},"21":{"start":{"line":57,"column":14},"end":{"line":57,"column":47}},"22":{"start":{"line":62,"column":8},"end":{"line":64,"column":null}},"23":{"start":{"line":63,"column":10},"end":{"line":63,"column":49}},"24":{"start":{"line":67,"column":6},"end":{"line":67,"column":53}},"25":{"start":{"line":78,"column":17},"end":{"line":80,"column":null}},"26":{"start":{"line":83,"column":4},"end":{"line":85,"column":null}},"27":{"start":{"line":84,"column":7},"end":{"line":84,"column":69}},"28":{"start":{"line":87,"column":22},"end":{"line":89,"column":null}},"29":{"start":{"line":93,"column":4},"end":{"line":102,"column":null}},"30":{"start":{"line":97,"column":6},"end":{"line":101,"column":8}},"31":{"start":{"line":104,"column":4},"end":{"line":104,"column":36}},"32":{"start":{"line":8,"column":0},"end":{"line":8,"column":13}}},"fnMap":{"0":{"name":"(anonymous_0)","decl":{"start":{"line":17,"column":2},"end":{"line":17,"column":null}},"loc":{"start":{"line":19,"column":46},"end":{"line":24,"column":3}}},"1":{"name":"(anonymous_1)","decl":{"start":{"line":31,"column":10},"end":{"line":31,"column":21}},"loc":{"start":{"line":31,"column":40},"end":{"line":69,"column":3}}},"2":{"name":"(anonymous_2)","decl":{"start":{"line":77,"column":15},"end":{"line":77,"column":20}},"loc":{"start":{"line":77,"column":59},"end":{"line":105,"column":null}}}},"branchMap":{"0":{"loc":{"start":{"line":21,"column":4},"end":{"line":23,"column":null}},"type":"if","locations":[{"start":{"line":21,"column":4},"end":{"line":23,"column":null}}]},"1":{"loc":{"start":{"line":33,"column":6},"end":{"line":65,"column":null}},"type":"if","locations":[{"start":{"line":33,"column":6},"end":{"line":65,"column":null}}]},"2":{"loc":{"start":{"line":41,"column":10},"end":{"line":43,"column":null}},"type":"if","locations":[{"start":{"line":41,"column":10},"end":{"line":43,"column":null}}]},"3":{"loc":{"start":{"line":41,"column":14},"end":{"line":41,"column":56}},"type":"binary-expr","locations":[{"start":{"line":41,"column":14},"end":{"line":41,"column":34}},{"start":{"line":41,"column":38},"end":{"line":41,"column":56}}]},"4":{"loc":{"start":{"line":46,"column":10},"end":{"line":59,"column":null}},"type":"if","locations":[{"start":{"line":46,"column":10},"end":{"line":59,"column":null}}]},"5":{"loc":{"start":{"line":55,"column":12},"end":{"line":58,"column":null}},"type":"if","locations":[{"start":{"line":55,"column":12},"end":{"line":58,"column":null}}]},"6":{"loc":{"start":{"line":55,"column":16},"end":{"line":56,"column":58}},"type":"binary-expr","locations":[{"start":{"line":55,"column":16},"end":{"line":55,"column":46}},{"start":{"line":56,"column":16},"end":{"line":56,"column":58}}]},"7":{"loc":{"start":{"line":62,"column":8},"end":{"line":64,"column":null}},"type":"if","locations":[{"start":{"line":62,"column":8},"end":{"line":64,"column":null}}]},"8":{"loc":{"start":{"line":77,"column":34},"end":{"line":77,"column":59}},"type":"default-arg","locations":[{"start":{"line":77,"column":57},"end":{"line":77,"column":59}}]},"9":{"loc":{"start":{"line":83,"column":4},"end":{"line":85,"column":null}},"type":"if","locations":[{"start":{"line":83,"column":4},"end":{"line":85,"column":null}}]},"10":{"loc":{"start":{"line":93,"column":4},"end":{"line":102,"column":null}},"type":"if","locations":[{"start":{"line":93,"column":4},"end":{"line":102,"column":null}}]},"11":{"loc":{"start":{"line":98,"column":8},"end":{"line":100,"column":46}},"type":"cond-expr","locations":[{"start":{"line":99,"column":12},"end":{"line":99,"column":47}},{"start":{"line":100,"column":12},"end":{"line":100,"column":46}}]}},"s":{"0":3,"1":3,"2":7,"3":7,"4":7,"5":0,"6":0,"7":0,"8":0,"9":0,"10":0,"11":0,"12":0,"13":0,"14":0,"15":0,"16":0,"17":0,"18":0,"19":0,"20":0,"21":0,"22":0,"23":0,"24":0,"25":8,"26":8,"27":0,"28":8,"29":8,"30":0,"31":8,"32":3},"f":{"0":7,"1":0,"2":8},"b":{"0":[0],"1":[0],"2":[0],"3":[0,0],"4":[0],"5":[0],"6":[0,0],"7":[0],"8":[8],"9":[0],"10":[0],"11":[0,0]}}
}
