TN:
SF:src/cli-implementation.ts
FN:98,main
FN:122,listAvailableTranscripts
FN:145,fetchTranscripts
FN:197,printHelp
FNF:4
FNH:0
FNDA:0,main
FNDA:0,listAvailableTranscripts
FNDA:0,fetchTranscripts
FNDA:0,printHelp
DA:5,0
DA:14,0
DA:17,0
DA:18,0
DA:19,0
DA:20,0
DA:21,0
DA:22,0
DA:23,0
DA:24,0
DA:25,0
DA:26,0
DA:27,0
DA:28,0
DA:29,0
DA:30,0
DA:31,0
DA:34,0
DA:35,0
DA:37,0
DA:38,0
DA:39,0
DA:40,0
DA:41,0
DA:42,0
DA:43,0
DA:44,0
DA:45,0
DA:46,0
DA:47,0
DA:48,0
DA:49,0
DA:50,0
DA:51,0
DA:52,0
DA:53,0
DA:54,0
DA:55,0
DA:56,0
DA:57,0
DA:58,0
DA:59,0
DA:60,0
DA:61,0
DA:62,0
DA:63,0
DA:64,0
DA:65,0
DA:66,0
DA:67,0
DA:72,0
DA:73,0
DA:74,0
DA:75,0
DA:76,0
DA:80,0
DA:84,0
DA:86,0
DA:87,0
DA:89,0
DA:90,0
DA:93,0
DA:94,0
DA:99,0
DA:100,0
DA:101,0
DA:102,0
DA:103,0
DA:106,0
DA:108,0
DA:109,0
DA:110,0
DA:113,0
DA:116,0
DA:117,0
DA:123,0
DA:125,0
DA:126,0
DA:128,0
DA:129,0
DA:130,0
DA:131,0
DA:133,0
DA:134,0
DA:135,0
DA:136,0
DA:140,0
DA:146,0
DA:148,0
DA:149,0
DA:153,0
DA:156,0
DA:157,0
DA:158,0
DA:159,0
DA:161,0
DA:165,0
DA:166,0
DA:170,0
DA:171,0
DA:173,0
DA:177,0
DA:178,0
DA:179,0
DA:183,0
DA:188,0
DA:189,0
DA:190,0
DA:192,0
DA:198,0
DA:231,0
LF:111
LH:0
BRDA:37,0,0,0
BRDA:37,0,1,0
BRDA:37,1,0,0
BRDA:37,1,1,0
BRDA:39,2,0,0
BRDA:39,2,1,0
BRDA:39,3,0,0
BRDA:39,3,1,0
BRDA:41,4,0,0
BRDA:41,4,1,0
BRDA:41,5,0,0
BRDA:41,5,1,0
BRDA:43,6,0,0
BRDA:43,6,1,0
BRDA:43,7,0,0
BRDA:43,7,1,0
BRDA:45,8,0,0
BRDA:45,8,1,0
BRDA:47,9,0,0
BRDA:47,9,1,0
BRDA:49,10,0,0
BRDA:49,10,1,0
BRDA:51,11,0,0
BRDA:51,11,1,0
BRDA:53,12,0,0
BRDA:53,12,1,0
BRDA:55,13,0,0
BRDA:55,13,1,0
BRDA:57,14,0,0
BRDA:57,14,1,0
BRDA:59,15,0,0
BRDA:59,15,1,0
BRDA:61,16,0,0
BRDA:61,16,1,0
BRDA:63,17,0,0
BRDA:63,17,1,0
BRDA:63,18,0,0
BRDA:63,18,1,0
BRDA:66,19,0,0
BRDA:73,20,0,0
BRDA:73,20,1,0
BRDA:73,21,0,0
BRDA:73,21,1,0
BRDA:75,22,0,0
BRDA:75,23,0,0
BRDA:75,23,1,0
BRDA:76,24,0,0
BRDA:76,24,1,0
BRDA:76,25,0,0
BRDA:76,25,1,0
BRDA:80,26,0,0
BRDA:80,26,1,0
BRDA:80,27,0,0
BRDA:80,27,1,0
BRDA:84,28,0,0
BRDA:84,28,1,0
BRDA:84,28,2,0
BRDA:84,28,3,0
BRDA:100,29,0,0
BRDA:100,29,1,0
BRDA:101,30,0,0
BRDA:108,31,0,0
BRDA:130,32,0,0
BRDA:130,32,1,0
BRDA:131,33,0,0
BRDA:131,33,1,0
BRDA:133,34,0,0
BRDA:133,35,0,0
BRDA:133,35,1,0
BRDA:156,36,0,0
BRDA:156,36,1,0
BRDA:158,37,0,0
BRDA:158,37,1,0
BRDA:165,38,0,0
BRDA:177,39,0,0
BRDA:183,40,0,0
BRDA:183,40,1,0
BRDA:188,41,0,0
BRDA:188,41,1,0
BRF:79
BRH:0
end_of_record
TN:
SF:src/cli.ts
FNF:0
FNH:0
DA:6,0
LF:1
LH:0
BRF:0
BRH:0
end_of_record
TN:
SF:src/index.ts
FN:9,(anonymous_0)
FN:15,(anonymous_1)
FN:23,(anonymous_2)
FN:29,(anonymous_3)
FN:35,(anonymous_4)
FN:41,(anonymous_5)
FN:71,(anonymous_6)
FN:85,(anonymous_7)
FN:100,(anonymous_9)
FN:119,(anonymous_10)
FN:124,(anonymous_11)
FN:126,(anonymous_12)
FN:135,(anonymous_13)
FN:152,(anonymous_14)
FN:158,(anonymous_15)
FN:160,(anonymous_16)
FN:168,(anonymous_17)
FN:177,(anonymous_18)
FN:180,(anonymous_19)
FN:189,(anonymous_20)
FN:189,(anonymous_21)
FN:198,(anonymous_22)
FN:201,(anonymous_23)
FN:210,(anonymous_24)
FN:210,(anonymous_25)
FN:218,(anonymous_26)
FN:225,(anonymous_27)
FN:230,(anonymous_28)
FN:242,(anonymous_29)
FN:253,(anonymous_30)
FN:254,(anonymous_31)
FN:266,(anonymous_32)
FN:267,(anonymous_33)
FN:273,(anonymous_34)
FN:278,(anonymous_35)
FN:291,(anonymous_36)
FN:305,(anonymous_37)
FN:333,(anonymous_39)
FN:354,(anonymous_40)
FN:359,(anonymous_41)
FN:367,(anonymous_42)
FN:383,(anonymous_43)
FN:395,(anonymous_44)
FNF:43
FNH:0
FNDA:0,(anonymous_0)
FNDA:0,(anonymous_1)
FNDA:0,(anonymous_2)
FNDA:0,(anonymous_3)
FNDA:0,(anonymous_4)
FNDA:0,(anonymous_5)
FNDA:0,(anonymous_6)
FNDA:0,(anonymous_7)
FNDA:0,(anonymous_9)
FNDA:0,(anonymous_10)
FNDA:0,(anonymous_11)
FNDA:0,(anonymous_12)
FNDA:0,(anonymous_13)
FNDA:0,(anonymous_14)
FNDA:0,(anonymous_15)
FNDA:0,(anonymous_16)
FNDA:0,(anonymous_17)
FNDA:0,(anonymous_18)
FNDA:0,(anonymous_19)
FNDA:0,(anonymous_20)
FNDA:0,(anonymous_21)
FNDA:0,(anonymous_22)
FNDA:0,(anonymous_23)
FNDA:0,(anonymous_24)
FNDA:0,(anonymous_25)
FNDA:0,(anonymous_26)
FNDA:0,(anonymous_27)
FNDA:0,(anonymous_28)
FNDA:0,(anonymous_29)
FNDA:0,(anonymous_30)
FNDA:0,(anonymous_31)
FNDA:0,(anonymous_32)
FNDA:0,(anonymous_33)
FNDA:0,(anonymous_34)
FNDA:0,(anonymous_35)
FNDA:0,(anonymous_36)
FNDA:0,(anonymous_37)
FNDA:0,(anonymous_39)
FNDA:0,(anonymous_40)
FNDA:0,(anonymous_41)
FNDA:0,(anonymous_42)
FNDA:0,(anonymous_43)
FNDA:0,(anonymous_44)
DA:2,3
DA:4,3
DA:6,3
DA:8,3
DA:10,0
DA:14,3
DA:16,0
DA:22,3
DA:24,0
DA:28,3
DA:30,0
DA:34,3
DA:36,0
DA:40,3
DA:42,0
DA:70,3
DA:72,0
DA:73,0
DA:74,0
DA:75,0
DA:76,0
DA:77,0
DA:78,0
DA:79,0
DA:86,0
DA:93,0
DA:94,0
DA:97,0
DA:98,0
DA:100,0
DA:106,0
DA:120,0
DA:121,0
DA:124,0
DA:125,0
DA:126,0
DA:131,0
DA:134,0
DA:135,0
DA:138,0
DA:151,3
DA:152,0
DA:159,0
DA:160,0
DA:161,0
DA:162,0
DA:166,0
DA:168,0
DA:178,0
DA:179,0
DA:180,0
DA:182,0
DA:183,0
DA:187,0
DA:189,0
DA:199,0
DA:200,0
DA:201,0
DA:203,0
DA:204,0
DA:208,0
DA:210,0
DA:219,0
DA:226,0
DA:227,0
DA:229,0
DA:231,0
DA:232,0
DA:234,0
DA:241,3
DA:243,0
DA:244,0
DA:245,0
DA:246,0
DA:247,0
DA:254,0
DA:267,0
DA:274,0
DA:275,0
DA:277,0
DA:279,0
DA:280,0
DA:282,0
DA:292,0
DA:299,3
DA:309,0
DA:310,0
DA:319,0
DA:321,0
DA:323,0
DA:324,0
DA:325,0
DA:327,0
DA:328,0
DA:330,0
DA:333,0
DA:334,0
DA:335,0
DA:339,0
DA:343,0
DA:344,0
DA:347,0
DA:348,0
DA:351,0
DA:354,0
DA:357,0
DA:359,0
DA:364,0
DA:367,0
DA:372,0
DA:378,0
DA:379,0
DA:381,0
DA:382,0
DA:383,0
DA:396,0
DA:397,0
DA:399,0
DA:400,0
DA:401,0
DA:403,0
LF:121
LH:13
BRDA:79,0,0,0
BRDA:85,1,0,0
BRDA:93,2,0,0
BRDA:101,3,0,0
BRDA:101,3,1,0
BRDA:120,4,0,0
BRDA:124,5,0,0
BRDA:134,6,0,0
BRDA:134,6,1,0
BRDA:134,7,0,0
BRDA:134,7,1,0
BRDA:134,8,0,0
BRDA:134,8,1,0
BRDA:161,9,0,0
BRDA:180,10,0,0
BRDA:180,10,1,0
BRDA:182,11,0,0
BRDA:201,12,0,0
BRDA:201,12,1,0
BRDA:203,13,0,0
BRDA:231,14,0,0
BRDA:231,14,1,0
BRDA:279,15,0,0
BRDA:279,15,1,0
BRDA:314,16,0,0
BRDA:314,16,1,0
BRDA:314,17,0,0
BRDA:314,17,1,0
BRDA:314,18,0,0
BRDA:314,18,1,0
BRDA:323,19,0,0
BRDA:324,20,0,0
BRDA:327,21,0,0
BRDA:333,22,0,0
BRDA:333,22,1,0
BRDA:333,23,0,0
BRDA:333,23,1,0
BRDA:343,24,0,0
BRDA:347,25,0,0
BRDA:351,26,0,0
BRDA:352,27,0,0
BRDA:352,27,1,0
BRDA:352,28,0,0
BRDA:352,28,1,0
BRDA:352,29,0,0
BRDA:352,29,1,0
BRDA:354,30,0,0
BRDA:354,30,1,0
BRDA:354,31,0,0
BRDA:354,31,1,0
BRDA:358,32,0,0
BRDA:358,32,1,0
BRDA:358,33,0,0
BRDA:358,33,1,0
BRDA:365,34,0,0
BRDA:365,34,1,0
BRDA:365,35,0,0
BRDA:365,35,1,0
BRDA:365,36,0,0
BRDA:365,36,1,0
BRDA:367,37,0,0
BRDA:367,37,1,0
BRDA:367,38,0,0
BRDA:367,38,1,0
BRDA:374,39,0,0
BRDA:374,39,1,0
BRDA:374,40,0,0
BRDA:374,40,1,0
BRDA:374,41,0,0
BRDA:374,41,1,0
BRDA:378,42,0,0
BRDA:387,43,0,0
BRDA:387,43,1,0
BRDA:387,44,0,0
BRDA:387,44,1,0
BRDA:387,45,0,0
BRDA:387,45,1,0
BRDA:387,46,0,0
BRDA:387,46,1,0
BRDA:396,47,0,0
BRDA:400,48,0,0
BRDA:400,49,0,0
BRDA:400,49,1,0
BRF:83
BRH:0
end_of_record
TN:
SF:src/new-index.ts
FN:2,(anonymous_0)
FN:9,(anonymous_1)
FN:10,(anonymous_2)
FN:11,(anonymous_3)
FN:12,(anonymous_4)
FN:13,(anonymous_5)
FN:14,(anonymous_6)
FN:15,(anonymous_7)
FN:16,(anonymous_8)
FN:17,(anonymous_9)
FN:30,(anonymous_10)
FN:31,(anonymous_11)
FN:32,(anonymous_12)
FN:41,(anonymous_13)
FN:45,(anonymous_14)
FN:49,(anonymous_15)
FN:55,(anonymous_16)
FN:59,(anonymous_17)
FNF:18
FNH:6
FNDA:7,(anonymous_0)
FNDA:0,(anonymous_1)
FNDA:0,(anonymous_2)
FNDA:0,(anonymous_3)
FNDA:0,(anonymous_4)
FNDA:0,(anonymous_5)
FNDA:0,(anonymous_6)
FNDA:0,(anonymous_7)
FNDA:0,(anonymous_8)
FNDA:0,(anonymous_9)
FNDA:0,(anonymous_10)
FNDA:0,(anonymous_11)
FNDA:0,(anonymous_12)
FNDA:4,(anonymous_13)
FNDA:3,(anonymous_14)
FNDA:3,(anonymous_15)
FNDA:3,(anonymous_16)
FNDA:1,(anonymous_17)
DA:2,10
DA:5,3
DA:8,3
DA:9,3
DA:10,3
DA:11,3
DA:12,3
DA:13,3
DA:14,3
DA:15,3
DA:16,3
DA:17,3
DA:29,3
DA:30,3
DA:31,3
DA:32,3
DA:40,3
DA:41,7
DA:44,3
DA:45,6
DA:48,3
DA:49,6
DA:53,3
DA:55,6
DA:58,3
DA:59,4
LF:26
LH:26
BRF:0
BRH:0
end_of_record
TN:
SF:src/youtube-transcript.ts
FN:28,(anonymous_0)
FN:43,(anonymous_2)
FN:56,(anonymous_3)
FN:78,(anonymous_5)
FN:109,(anonymous_7)
FN:112,(anonymous_8)
FN:138,(anonymous_9)
FNF:7
FNH:6
FNDA:1,(anonymous_0)
FNDA:7,(anonymous_2)
FNDA:4,(anonymous_3)
FNDA:8,(anonymous_5)
FNDA:54,(anonymous_7)
FNDA:0,(anonymous_8)
FNDA:4,(anonymous_9)
DA:1,3
DA:9,3
DA:11,3
DA:12,3
DA:18,3
DA:32,1
DA:33,1
DA:34,1
DA:47,7
DA:60,4
DA:61,4
DA:64,4
DA:67,4
DA:70,4
DA:79,8
DA:82,8
DA:86,8
DA:89,8
DA:90,0
DA:93,8
DA:94,0
DA:98,8
DA:100,8
DA:101,0
DA:104,8
DA:105,0
DA:109,8
DA:111,54
DA:112,0
DA:118,54
DA:130,8
DA:139,4
DA:140,3
DA:143,1
DA:144,1
DA:147,0
DA:148,0
DA:151,0
LF:38
LH:30
BRDA:70,0,0,3
BRDA:70,0,1,1
BRDA:70,1,0,4
BRDA:70,1,1,4
BRDA:89,2,0,0
BRDA:93,3,0,0
BRDA:100,4,0,0
BRDA:104,5,0,0
BRDA:111,6,0,0
BRDA:111,6,1,54
BRDA:139,7,0,3
BRDA:143,8,0,1
BRDA:143,9,0,1
BRDA:143,9,1,1
BRDA:147,10,0,0
BRF:15
BRH:9
end_of_record
TN:
SF:src/errors/index.ts
FN:5,(anonymous_0)
FN:15,(anonymous_1)
FN:27,(anonymous_2)
FN:37,(anonymous_3)
FN:47,(anonymous_4)
FN:57,(anonymous_5)
FN:71,(anonymous_6)
FN:81,(anonymous_7)
FN:91,(anonymous_8)
FNF:9
FNH:9
FNDA:10,(anonymous_0)
FNDA:1,(anonymous_1)
FNDA:1,(anonymous_2)
FNDA:1,(anonymous_3)
FNDA:1,(anonymous_4)
FNDA:1,(anonymous_5)
FNDA:1,(anonymous_6)
FNDA:1,(anonymous_7)
FNDA:1,(anonymous_8)
DA:4,5
DA:6,10
DA:7,10
DA:14,5
DA:16,1
DA:19,1
DA:26,5
DA:28,1
DA:29,1
DA:36,5
DA:38,1
DA:39,1
DA:46,5
DA:48,1
DA:49,1
DA:56,5
DA:58,1
DA:63,1
DA:70,5
DA:72,1
DA:73,1
DA:80,5
DA:82,1
DA:83,1
DA:90,5
DA:92,1
DA:93,1
LF:27
LH:27
BRF:0
BRH:0
end_of_record
TN:
SF:src/formatters/index.ts
FNF:0
FNH:0
DA:1,0
DA:2,0
DA:3,0
DA:4,0
LF:4
LH:0
BRF:0
BRH:0
end_of_record
TN:
SF:src/formatters/json-formatter.ts
FN:14,(anonymous_0)
FN:24,(anonymous_1)
FN:26,(anonymous_2)
FNF:3
FNH:3
FNDA:3,(anonymous_0)
FNDA:1,(anonymous_1)
FNDA:2,(anonymous_2)
DA:7,3
DA:15,3
DA:25,1
DA:26,2
LF:4
LH:4
BRDA:15,0,0,2
BRDA:15,0,1,1
BRDA:15,1,0,3
BRDA:15,1,1,3
BRDA:34,2,0,1
BRDA:34,2,1,0
BRDA:34,3,0,1
BRDA:34,3,1,1
BRF:8
BRH:7
end_of_record
TN:
SF:src/formatters/srt-formatter.ts
FN:13,(anonymous_0)
FN:15,(anonymous_1)
FN:29,(anonymous_2)
FN:31,(anonymous_3)
FN:42,(anonymous_4)
FNF:5
FNH:5
FNDA:4,(anonymous_0)
FNDA:68,(anonymous_1)
FNDA:1,(anonymous_2)
FNDA:2,(anonymous_3)
FNDA:136,(anonymous_4)
DA:7,3
DA:14,4
DA:16,68
DA:17,68
DA:19,68
DA:30,1
DA:32,2
DA:43,136
DA:44,136
DA:45,136
DA:46,136
DA:47,136
DA:49,136
LF:13
LH:13
BRF:0
BRH:0
end_of_record
TN:
SF:src/formatters/text-formatter.ts
FN:13,(anonymous_0)
FN:15,(anonymous_1)
FN:24,(anonymous_2)
FN:26,(anonymous_3)
FNF:4
FNH:4
FNDA:4,(anonymous_0)
FNDA:68,(anonymous_1)
FNDA:1,(anonymous_2)
FNDA:2,(anonymous_3)
DA:7,3
DA:14,4
DA:15,68
DA:25,1
DA:27,2
LF:5
LH:5
BRF:0
BRH:0
end_of_record
TN:
SF:src/models/transcript.ts
FN:22,(anonymous_0)
FN:33,(anonymous_1)
FN:34,(anonymous_2)
FN:46,(anonymous_3)
FN:47,(anonymous_4)
FN:53,(anonymous_5)
FN:58,(anonymous_6)
FN:71,(anonymous_7)
FN:92,(anonymous_8)
FN:108,(anonymous_9)
FN:123,(anonymous_11)
FN:143,(anonymous_12)
FN:148,(anonymous_13)
FN:151,(anonymous_14)
FN:161,(anonymous_15)
FN:187,(anonymous_16)
FN:197,(anonymous_17)
FN:199,(anonymous_18)
FN:207,(anonymous_19)
FN:216,(anonymous_20)
FN:219,(anonymous_21)
FN:227,(anonymous_22)
FN:228,(anonymous_23)
FN:241,(anonymous_24)
FN:244,(anonymous_25)
FN:252,(anonymous_26)
FN:253,(anonymous_27)
FN:264,(anonymous_28)
FN:271,(anonymous_29)
FN:276,(anonymous_30)
FNF:30
FNH:12
FNDA:4,(anonymous_0)
FNDA:2,(anonymous_1)
FNDA:118,(anonymous_2)
FNDA:0,(anonymous_3)
FNDA:0,(anonymous_4)
FNDA:0,(anonymous_5)
FNDA:0,(anonymous_6)
FNDA:0,(anonymous_7)
FNDA:54,(anonymous_8)
FNDA:4,(anonymous_9)
FNDA:236,(anonymous_11)
FNDA:0,(anonymous_12)
FNDA:0,(anonymous_13)
FNDA:0,(anonymous_14)
FNDA:0,(anonymous_15)
FNDA:8,(anonymous_16)
FNDA:4,(anonymous_17)
FNDA:5,(anonymous_18)
FNDA:0,(anonymous_19)
FNDA:0,(anonymous_20)
FNDA:0,(anonymous_21)
FNDA:0,(anonymous_22)
FNDA:0,(anonymous_23)
FNDA:0,(anonymous_24)
FNDA:0,(anonymous_25)
FNDA:0,(anonymous_26)
FNDA:0,(anonymous_27)
FNDA:1,(anonymous_28)
FNDA:3,(anonymous_29)
FNDA:43,(anonymous_30)
DA:2,3
DA:7,3
DA:12,3
DA:23,4
DA:24,4
DA:25,4
DA:26,4
DA:27,4
DA:34,118
DA:47,0
DA:54,0
DA:55,0
DA:57,0
DA:59,0
DA:60,0
DA:62,0
DA:72,0
DA:79,3
DA:93,54
DA:94,54
DA:95,54
DA:96,54
DA:97,54
DA:98,54
DA:99,54
DA:100,54
DA:109,4
DA:116,4
DA:117,0
DA:120,4
DA:121,4
DA:123,236
DA:129,4
DA:144,0
DA:145,0
DA:148,0
DA:149,0
DA:151,0
DA:157,0
DA:160,0
DA:161,0
DA:164,0
DA:180,3
DA:188,8
DA:189,8
DA:198,4
DA:199,5
DA:200,5
DA:201,4
DA:205,0
DA:207,0
DA:217,0
DA:218,0
DA:219,0
DA:221,0
DA:222,0
DA:226,0
DA:227,0
DA:228,0
DA:230,0
DA:242,0
DA:243,0
DA:244,0
DA:246,0
DA:247,0
DA:251,0
DA:252,0
DA:253,0
DA:255,0
DA:265,1
DA:272,3
DA:273,3
DA:275,3
DA:277,43
DA:278,41
DA:280,2
LF:76
LH:38
BRDA:59,0,0,0
BRDA:59,0,1,0
BRDA:100,1,0,0
BRDA:108,2,0,4
BRDA:116,3,0,0
BRDA:124,4,0,0
BRDA:124,4,1,236
BRDA:144,5,0,0
BRDA:148,6,0,0
BRDA:160,7,0,0
BRDA:160,7,1,0
BRDA:160,8,0,0
BRDA:160,8,1,0
BRDA:160,9,0,0
BRDA:160,9,1,0
BRDA:200,10,0,4
BRDA:219,11,0,0
BRDA:219,11,1,0
BRDA:221,12,0,0
BRDA:232,13,0,0
BRDA:232,13,1,0
BRDA:244,14,0,0
BRDA:244,14,1,0
BRDA:246,15,0,0
BRDA:257,16,0,0
BRDA:257,16,1,0
BRDA:277,17,0,41
BRDA:277,17,1,2
BRF:28
BRH:5
end_of_record
TN:
SF:src/proxies/index.ts
FNF:0
FNH:0
DA:1,0
DA:2,0
LF:2
LH:0
BRF:0
BRH:0
end_of_record
TN:
SF:src/proxies/proxy-config.ts
FN:26,(anonymous_0)
FN:34,(anonymous_1)
FN:41,(anonymous_2)
FNF:3
FNH:3
FNDA:3,(anonymous_0)
FNDA:3,(anonymous_1)
FNDA:3,(anonymous_2)
DA:19,3
DA:27,3
DA:28,3
DA:35,3
DA:42,3
LF:5
LH:5
BRF:0
BRH:0
end_of_record
TN:
SF:src/proxies/webshare-proxy.ts
FN:17,(anonymous_0)
FN:25,(anonymous_1)
FN:32,(anonymous_2)
FNF:3
FNH:3
FNDA:1,(anonymous_0)
FNDA:1,(anonymous_1)
FNDA:1,(anonymous_2)
DA:6,3
DA:7,3
DA:8,3
DA:9,3
DA:18,1
DA:19,1
DA:26,1
DA:33,1
LF:8
LH:8
BRF:0
BRH:0
end_of_record
TN:
SF:src/utils/constants.ts
FNF:0
FNH:0
DA:4,4
DA:8,4
DA:14,4
DA:20,4
LF:4
LH:4
BRF:0
BRH:0
end_of_record
TN:
SF:src/utils/helpers.ts
FN:14,(anonymous_0)
FN:35,(anonymous_1)
FN:57,(anonymous_2)
FN:67,(anonymous_3)
FNF:4
FNH:4
FNDA:19,(anonymous_0)
FNDA:11,(anonymous_1)
FNDA:10,(anonymous_2)
FNDA:10,(anonymous_3)
DA:1,4
DA:2,4
DA:7,4
DA:16,19
DA:17,13
DA:21,6
DA:22,6
DA:23,5
DA:26,1
DA:36,11
DA:38,11
DA:39,1
DA:42,10
DA:43,10
DA:44,10
DA:45,9
DA:47,1
DA:58,10
DA:68,10
LF:19
LH:19
BRDA:16,0,0,13
BRDA:22,1,0,5
BRDA:22,2,0,6
BRDA:22,2,1,5
BRDA:38,3,0,1
BRDA:45,4,0,0
BRDA:45,4,1,9
BRDA:45,5,0,9
BRDA:45,5,1,9
BRF:9
BRH:8
end_of_record
TN:
SF:src/utils/http-client.ts
FN:17,(anonymous_0)
FN:31,(anonymous_1)
FN:77,(anonymous_2)
FNF:3
FNH:2
FNDA:7,(anonymous_0)
FNDA:0,(anonymous_1)
FNDA:8,(anonymous_2)
DA:1,3
DA:3,3
DA:8,3
DA:18,7
DA:19,7
DA:21,7
DA:22,0
DA:32,0
DA:33,0
DA:34,0
DA:35,0
DA:38,0
DA:39,0
DA:41,0
DA:42,0
DA:45,0
DA:46,0
DA:47,0
DA:50,0
DA:51,0
DA:52,0
DA:55,0
DA:57,0
DA:62,0
DA:63,0
DA:67,0
DA:78,8
DA:83,8
DA:84,0
DA:87,8
DA:93,8
DA:97,0
DA:104,8
LF:33
LH:11
BRDA:21,0,0,0
BRDA:33,1,0,0
BRDA:41,2,0,0
BRDA:41,3,0,0
BRDA:41,3,1,0
BRDA:46,4,0,0
BRDA:55,5,0,0
BRDA:55,6,0,0
BRDA:55,6,1,0
BRDA:62,7,0,0
BRDA:77,8,0,8
BRDA:83,9,0,0
BRDA:93,10,0,0
BRDA:98,11,0,0
BRDA:98,11,1,0
BRF:15
BRH:1
end_of_record
